This file contains any messages produced by compilers while
running configure, to aid debugging if configure makes a mistake.

It was created by sqlite configure 3.47.1, which was
generated by GNU Autoconf 2.71.  Invocation command line was

  $ ./configure --host=aarch64-linux-gnu --enable-static --disable-shared --disable-shared --enable-static --disable-tcl --enable-fts5 CC=aarch64-linux-gnu-gcc 'CFLAGS=-fPIC -O2 -fvisibility=hidden -DSQLITE_DEFAULT_WAL_SYNCHRONOUS=1 -DSQLITE_USE_URI=1 -DSQLITE_ENABLE_DBPAGE_VTAB=1 -DSQLITE_ENABLE_DBSTAT_VTAB=1' --prefix=/var/www/portfolio/vendor/bundle/ruby/3.1.0/gems/sqlite3-2.4.0/ports/aarch64-linux-gnu/sqlite3/3.47.1

## --------- ##
## Platform. ##
## --------- ##

hostname = raspberry
uname -m = aarch64
uname -r = 6.6.62+rpt-rpi-v8
uname -s = Linux
uname -v = #1 SMP PREEMPT Debian 1:6.6.62-1+rpt1 (2024-11-25)

/usr/bin/uname -p = unknown
/bin/uname -X     = unknown

/bin/arch              = aarch64
/usr/bin/arch -k       = unknown
/usr/convex/getsysinfo = unknown
/usr/bin/hostinfo      = unknown
/bin/machine           = unknown
/usr/bin/oslevel       = unknown
/bin/universe          = unknown

PATH: /usr/local/sbin/
PATH: /usr/local/bin/
PATH: /usr/sbin/
PATH: /usr/bin/
PATH: /sbin/
PATH: /bin/
PATH: /usr/local/games/
PATH: /usr/games/


## ----------- ##
## Core tests. ##
## ----------- ##

configure:2439: looking for aux files: config.guess config.sub ltmain.sh compile missing install-sh
configure:2452:  trying ././
configure:2481:   ././config.guess found
configure:2481:   ././config.sub found
configure:2481:   ././ltmain.sh found
configure:2481:   ././compile found
configure:2481:   ././missing found
configure:2463:   ././install-sh found
configure:2614: checking for a BSD-compatible install
configure:2687: result: /usr/bin/install -c
configure:2698: checking whether build environment is sane
configure:2753: result: yes
configure:2809: checking for aarch64-linux-gnu-strip
configure:2830: found /usr/bin/aarch64-linux-gnu-strip
configure:2841: result: aarch64-linux-gnu-strip
configure:2912: checking for a race-free mkdir -p
configure:2956: result: /usr/bin/mkdir -p
configure:2963: checking for gawk
configure:2998: result: no
configure:2963: checking for mawk
configure:2984: found /usr/bin/mawk
configure:2995: result: mawk
configure:3006: checking whether make sets $(MAKE)
configure:3029: result: yes
configure:3059: checking whether make supports nested variables
configure:3077: result: yes
configure:3227: checking whether make supports the include directive
configure:3242: make -f confmf.GNU && cat confinc.out
this is the am__doit target
configure:3245: $? = 0
configure:3264: result: yes (GNU style)
configure:3295: checking for aarch64-linux-gnu-gcc
configure:3327: result: aarch64-linux-gnu-gcc
configure:3725: checking for C compiler version
configure:3734: aarch64-linux-gnu-gcc --version >&5
aarch64-linux-gnu-gcc (Debian 12.2.0-14) 12.2.0
Copyright (C) 2022 Free Software Foundation, Inc.
This is free software; see the source for copying conditions.  There is NO
warranty; not even for MERCHANTABILITY or FITNESS FOR A PARTICULAR PURPOSE.

configure:3745: $? = 0
configure:3734: aarch64-linux-gnu-gcc -v >&5
Using built-in specs.
COLLECT_GCC=aarch64-linux-gnu-gcc
COLLECT_LTO_WRAPPER=/usr/lib/gcc/aarch64-linux-gnu/12/lto-wrapper
Target: aarch64-linux-gnu
Configured with: ../src/configure -v --with-pkgversion='Debian 12.2.0-14' --with-bugurl=file:///usr/share/doc/gcc-12/README.Bugs --enable-languages=c,ada,c++,go,d,fortran,objc,obj-c++,m2 --prefix=/usr --with-gcc-major-version-only --program-suffix=-12 --program-prefix=aarch64-linux-gnu- --enable-shared --enable-linker-build-id --libexecdir=/usr/lib --without-included-gettext --enable-threads=posix --libdir=/usr/lib --enable-nls --enable-clocale=gnu --enable-libstdcxx-debug --enable-libstdcxx-time=yes --with-default-libstdcxx-abi=new --enable-gnu-unique-object --disable-libquadmath --disable-libquadmath-support --enable-plugin --enable-default-pie --with-system-zlib --enable-libphobos-checking=release --with-target-system-zlib=auto --enable-objc-gc=auto --enable-multiarch --enable-fix-cortex-a53-843419 --disable-werror --enable-checking=release --build=aarch64-linux-gnu --host=aarch64-linux-gnu --target=aarch64-linux-gnu
Thread model: posix
Supported LTO compression algorithms: zlib zstd
gcc version 12.2.0 (Debian 12.2.0-14) 
configure:3745: $? = 0
configure:3734: aarch64-linux-gnu-gcc -V >&5
aarch64-linux-gnu-gcc: error: unrecognized command-line option '-V'
aarch64-linux-gnu-gcc: fatal error: no input files
compilation terminated.
configure:3745: $? = 1
configure:3734: aarch64-linux-gnu-gcc -qversion >&5
aarch64-linux-gnu-gcc: error: unrecognized command-line option '-qversion'; did you mean '--version'?
aarch64-linux-gnu-gcc: fatal error: no input files
compilation terminated.
configure:3745: $? = 1
configure:3734: aarch64-linux-gnu-gcc -version >&5
aarch64-linux-gnu-gcc: error: unrecognized command-line option '-version'
aarch64-linux-gnu-gcc: fatal error: no input files
compilation terminated.
configure:3745: $? = 1
configure:3765: checking whether the C compiler works
configure:3787: aarch64-linux-gnu-gcc -fPIC -O2 -fvisibility=hidden -DSQLITE_DEFAULT_WAL_SYNCHRONOUS=1 -DSQLITE_USE_URI=1 -DSQLITE_ENABLE_DBPAGE_VTAB=1 -DSQLITE_ENABLE_DBSTAT_VTAB=1   conftest.c  >&5
configure:3791: $? = 0
configure:3841: result: yes
configure:3844: checking for C compiler default output file name
configure:3846: result: a.out
configure:3852: checking for suffix of executables
configure:3859: aarch64-linux-gnu-gcc -o conftest -fPIC -O2 -fvisibility=hidden -DSQLITE_DEFAULT_WAL_SYNCHRONOUS=1 -DSQLITE_USE_URI=1 -DSQLITE_ENABLE_DBPAGE_VTAB=1 -DSQLITE_ENABLE_DBSTAT_VTAB=1   conftest.c  >&5
configure:3863: $? = 0
configure:3886: result: 
configure:3908: checking whether we are cross compiling
configure:3916: aarch64-linux-gnu-gcc -o conftest -fPIC -O2 -fvisibility=hidden -DSQLITE_DEFAULT_WAL_SYNCHRONOUS=1 -DSQLITE_USE_URI=1 -DSQLITE_ENABLE_DBPAGE_VTAB=1 -DSQLITE_ENABLE_DBSTAT_VTAB=1   conftest.c  >&5
configure:3920: $? = 0
configure:3927: ./conftest
configure:3931: $? = 0
configure:3946: result: no
configure:3951: checking for suffix of object files
configure:3974: aarch64-linux-gnu-gcc -c -fPIC -O2 -fvisibility=hidden -DSQLITE_DEFAULT_WAL_SYNCHRONOUS=1 -DSQLITE_USE_URI=1 -DSQLITE_ENABLE_DBPAGE_VTAB=1 -DSQLITE_ENABLE_DBSTAT_VTAB=1  conftest.c >&5
configure:3978: $? = 0
configure:4000: result: o
configure:4004: checking whether the compiler supports GNU C
configure:4024: aarch64-linux-gnu-gcc -c -fPIC -O2 -fvisibility=hidden -DSQLITE_DEFAULT_WAL_SYNCHRONOUS=1 -DSQLITE_USE_URI=1 -DSQLITE_ENABLE_DBPAGE_VTAB=1 -DSQLITE_ENABLE_DBSTAT_VTAB=1  conftest.c >&5
configure:4024: $? = 0
configure:4034: result: yes
configure:4045: checking whether aarch64-linux-gnu-gcc accepts -g
configure:4066: aarch64-linux-gnu-gcc -c -g  conftest.c >&5
configure:4066: $? = 0
configure:4110: result: yes
configure:4130: checking for aarch64-linux-gnu-gcc option to enable C11 features
configure:4145: aarch64-linux-gnu-gcc  -c -fPIC -O2 -fvisibility=hidden -DSQLITE_DEFAULT_WAL_SYNCHRONOUS=1 -DSQLITE_USE_URI=1 -DSQLITE_ENABLE_DBPAGE_VTAB=1 -DSQLITE_ENABLE_DBSTAT_VTAB=1  conftest.c >&5
configure:4145: $? = 0
configure:4163: result: none needed
configure:4279: checking whether aarch64-linux-gnu-gcc understands -c and -o together
configure:4302: aarch64-linux-gnu-gcc -c conftest.c -o conftest2.o
configure:4305: $? = 0
configure:4302: aarch64-linux-gnu-gcc -c conftest.c -o conftest2.o
configure:4305: $? = 0
configure:4317: result: yes
configure:4336: checking dependency style of aarch64-linux-gnu-gcc
configure:4448: result: gcc3
configure:4472: checking for special C compiler options needed for large files
configure:4520: result: no
configure:4526: checking for _FILE_OFFSET_BITS value needed for large files
configure:4552: aarch64-linux-gnu-gcc -c -fPIC -O2 -fvisibility=hidden -DSQLITE_DEFAULT_WAL_SYNCHRONOUS=1 -DSQLITE_USE_URI=1 -DSQLITE_ENABLE_DBPAGE_VTAB=1 -DSQLITE_ENABLE_DBSTAT_VTAB=1  conftest.c >&5
configure:4552: $? = 0
configure:4586: result: no
configure:4678: checking for aarch64-linux-gnu-gcc
configure:4710: result: aarch64-linux-gnu-gcc
configure:5108: checking for C compiler version
configure:5117: aarch64-linux-gnu-gcc --version >&5
aarch64-linux-gnu-gcc (Debian 12.2.0-14) 12.2.0
Copyright (C) 2022 Free Software Foundation, Inc.
This is free software; see the source for copying conditions.  There is NO
warranty; not even for MERCHANTABILITY or FITNESS FOR A PARTICULAR PURPOSE.

configure:5128: $? = 0
configure:5117: aarch64-linux-gnu-gcc -v >&5
Using built-in specs.
COLLECT_GCC=aarch64-linux-gnu-gcc
COLLECT_LTO_WRAPPER=/usr/lib/gcc/aarch64-linux-gnu/12/lto-wrapper
Target: aarch64-linux-gnu
Configured with: ../src/configure -v --with-pkgversion='Debian 12.2.0-14' --with-bugurl=file:///usr/share/doc/gcc-12/README.Bugs --enable-languages=c,ada,c++,go,d,fortran,objc,obj-c++,m2 --prefix=/usr --with-gcc-major-version-only --program-suffix=-12 --program-prefix=aarch64-linux-gnu- --enable-shared --enable-linker-build-id --libexecdir=/usr/lib --without-included-gettext --enable-threads=posix --libdir=/usr/lib --enable-nls --enable-clocale=gnu --enable-libstdcxx-debug --enable-libstdcxx-time=yes --with-default-libstdcxx-abi=new --enable-gnu-unique-object --disable-libquadmath --disable-libquadmath-support --enable-plugin --enable-default-pie --with-system-zlib --enable-libphobos-checking=release --with-target-system-zlib=auto --enable-objc-gc=auto --enable-multiarch --enable-fix-cortex-a53-843419 --disable-werror --enable-checking=release --build=aarch64-linux-gnu --host=aarch64-linux-gnu --target=aarch64-linux-gnu
Thread model: posix
Supported LTO compression algorithms: zlib zstd
gcc version 12.2.0 (Debian 12.2.0-14) 
configure:5128: $? = 0
configure:5117: aarch64-linux-gnu-gcc -V >&5
aarch64-linux-gnu-gcc: error: unrecognized command-line option '-V'
aarch64-linux-gnu-gcc: fatal error: no input files
compilation terminated.
configure:5128: $? = 1
configure:5117: aarch64-linux-gnu-gcc -qversion >&5
aarch64-linux-gnu-gcc: error: unrecognized command-line option '-qversion'; did you mean '--version'?
aarch64-linux-gnu-gcc: fatal error: no input files
compilation terminated.
configure:5128: $? = 1
configure:5117: aarch64-linux-gnu-gcc -version >&5
aarch64-linux-gnu-gcc: error: unrecognized command-line option '-version'
aarch64-linux-gnu-gcc: fatal error: no input files
compilation terminated.
configure:5128: $? = 1
configure:5132: checking whether the compiler supports GNU C
configure:5162: result: yes
configure:5173: checking whether aarch64-linux-gnu-gcc accepts -g
configure:5238: result: yes
configure:5258: checking for aarch64-linux-gnu-gcc option to enable C11 features
configure:5291: result: none needed
configure:5407: checking whether aarch64-linux-gnu-gcc understands -c and -o together
configure:5445: result: yes
configure:5464: checking dependency style of aarch64-linux-gnu-gcc
configure:5576: result: gcc3
configure:5623: checking build system type
configure:5638: result: aarch64-unknown-linux-gnu
configure:5658: checking host system type
configure:5672: result: aarch64-unknown-linux-gnu
configure:5713: checking how to print strings
configure:5740: result: printf
configure:5761: checking for a sed that does not truncate output
configure:5831: result: /usr/bin/sed
configure:5849: checking for grep that handles long lines and -e
configure:5913: result: /usr/bin/grep
configure:5918: checking for egrep
configure:5986: result: /usr/bin/grep -E
configure:5991: checking for fgrep
configure:6059: result: /usr/bin/grep -F
configure:6095: checking for ld used by aarch64-linux-gnu-gcc
configure:6163: result: /usr/bin/ld
configure:6170: checking if the linker (/usr/bin/ld) is GNU ld
configure:6186: result: yes
configure:6198: checking for BSD- or MS-compatible name lister (nm)
configure:6253: result: /usr/bin/aarch64-linux-gnu-nm -B
configure:6393: checking the name lister (/usr/bin/aarch64-linux-gnu-nm -B) interface
configure:6401: aarch64-linux-gnu-gcc -c -fPIC -O2 -fvisibility=hidden -DSQLITE_DEFAULT_WAL_SYNCHRONOUS=1 -DSQLITE_USE_URI=1 -DSQLITE_ENABLE_DBPAGE_VTAB=1 -DSQLITE_ENABLE_DBSTAT_VTAB=1  conftest.c >&5
configure:6404: /usr/bin/aarch64-linux-gnu-nm -B "conftest.o"
configure:6407: output
0000000000000000 B some_variable
configure:6414: result: BSD nm
configure:6417: checking whether ln -s works
configure:6421: result: yes
configure:6429: checking the maximum length of command line arguments
configure:6561: result: 1572864
configure:6609: checking how to convert aarch64-unknown-linux-gnu file names to aarch64-unknown-linux-gnu format
configure:6650: result: func_convert_file_noop
configure:6657: checking how to convert aarch64-unknown-linux-gnu file names to toolchain format
configure:6678: result: func_convert_file_noop
configure:6685: checking for /usr/bin/ld option to reload object files
configure:6693: result: -r
configure:6727: checking for aarch64-linux-gnu-file
configure:6762: result: no
configure:6772: checking for file
configure:6793: found /usr/bin/file
configure:6804: result: file
configure:6835: checking for aarch64-linux-gnu-objdump
configure:6856: found /usr/bin/aarch64-linux-gnu-objdump
configure:6867: result: aarch64-linux-gnu-objdump
configure:6944: checking how to recognize dependent libraries
configure:7145: result: pass_all
configure:7190: checking for aarch64-linux-gnu-dlltool
configure:7225: result: no
configure:7235: checking for dlltool
configure:7270: result: no
configure:7300: checking how to associate runtime and link libraries
configure:7328: result: printf %s\n
configure:7344: checking for aarch64-linux-gnu-ar
configure:7365: found /usr/bin/aarch64-linux-gnu-ar
configure:7376: result: aarch64-linux-gnu-ar
configure:7478: checking for archiver @FILE support
configure:7496: aarch64-linux-gnu-gcc -c -fPIC -O2 -fvisibility=hidden -DSQLITE_DEFAULT_WAL_SYNCHRONOUS=1 -DSQLITE_USE_URI=1 -DSQLITE_ENABLE_DBPAGE_VTAB=1 -DSQLITE_ENABLE_DBSTAT_VTAB=1  conftest.c >&5
configure:7496: $? = 0
configure:7500: aarch64-linux-gnu-ar cr libconftest.a @conftest.lst >&5
configure:7503: $? = 0
configure:7508: aarch64-linux-gnu-ar cr libconftest.a @conftest.lst >&5
aarch64-linux-gnu-ar: conftest.o: No such file or directory
configure:7511: $? = 1
configure:7523: result: @
configure:7541: checking for aarch64-linux-gnu-strip
configure:7573: result: aarch64-linux-gnu-strip
configure:7650: checking for aarch64-linux-gnu-ranlib
configure:7671: found /usr/bin/aarch64-linux-gnu-ranlib
configure:7682: result: aarch64-linux-gnu-ranlib
configure:7829: checking command to parse /usr/bin/aarch64-linux-gnu-nm -B output from aarch64-linux-gnu-gcc object
configure:7983: aarch64-linux-gnu-gcc -c -fPIC -O2 -fvisibility=hidden -DSQLITE_DEFAULT_WAL_SYNCHRONOUS=1 -DSQLITE_USE_URI=1 -DSQLITE_ENABLE_DBPAGE_VTAB=1 -DSQLITE_ENABLE_DBSTAT_VTAB=1  conftest.c >&5
configure:7986: $? = 0
configure:7990: /usr/bin/aarch64-linux-gnu-nm -B conftest.o | /usr/bin/sed -n -e 's/^.*[	 ]\([ABCDGIRSTW][ABCDGIRSTW]*\)[	 ][	 ]*\([_A-Za-z][_A-Za-z0-9]*\)$/\1 \2 \2/p' | /usr/bin/sed '/ __gnu_lto/d' > conftest.nm
configure:8056: aarch64-linux-gnu-gcc -o conftest -fPIC -O2 -fvisibility=hidden -DSQLITE_DEFAULT_WAL_SYNCHRONOUS=1 -DSQLITE_USE_URI=1 -DSQLITE_ENABLE_DBPAGE_VTAB=1 -DSQLITE_ENABLE_DBSTAT_VTAB=1   conftest.c conftstm.o >&5
configure:8059: $? = 0
configure:8097: result: ok
configure:8144: checking for sysroot
configure:8175: result: no
configure:8182: checking for a working dd
configure:8226: result: /usr/bin/dd
configure:8230: checking how to truncate binary pipes
configure:8246: result: /usr/bin/dd bs=4096 count=1
configure:8538: checking for aarch64-linux-gnu-mt
configure:8573: result: no
configure:8583: checking for mt
configure:8604: found /usr/bin/mt
configure:8615: result: mt
configure:8638: checking if mt is a manifest tool
configure:8645: mt '-?'
configure:8653: result: no
configure:9378: checking for stdio.h
configure:9378: aarch64-linux-gnu-gcc -c -fPIC -O2 -fvisibility=hidden -DSQLITE_DEFAULT_WAL_SYNCHRONOUS=1 -DSQLITE_USE_URI=1 -DSQLITE_ENABLE_DBPAGE_VTAB=1 -DSQLITE_ENABLE_DBSTAT_VTAB=1  conftest.c >&5
configure:9378: $? = 0
configure:9378: result: yes
configure:9378: checking for stdlib.h
configure:9378: aarch64-linux-gnu-gcc -c -fPIC -O2 -fvisibility=hidden -DSQLITE_DEFAULT_WAL_SYNCHRONOUS=1 -DSQLITE_USE_URI=1 -DSQLITE_ENABLE_DBPAGE_VTAB=1 -DSQLITE_ENABLE_DBSTAT_VTAB=1  conftest.c >&5
configure:9378: $? = 0
configure:9378: result: yes
configure:9378: checking for string.h
configure:9378: aarch64-linux-gnu-gcc -c -fPIC -O2 -fvisibility=hidden -DSQLITE_DEFAULT_WAL_SYNCHRONOUS=1 -DSQLITE_USE_URI=1 -DSQLITE_ENABLE_DBPAGE_VTAB=1 -DSQLITE_ENABLE_DBSTAT_VTAB=1  conftest.c >&5
configure:9378: $? = 0
configure:9378: result: yes
configure:9378: checking for inttypes.h
configure:9378: aarch64-linux-gnu-gcc -c -fPIC -O2 -fvisibility=hidden -DSQLITE_DEFAULT_WAL_SYNCHRONOUS=1 -DSQLITE_USE_URI=1 -DSQLITE_ENABLE_DBPAGE_VTAB=1 -DSQLITE_ENABLE_DBSTAT_VTAB=1  conftest.c >&5
configure:9378: $? = 0
configure:9378: result: yes
configure:9378: checking for stdint.h
configure:9378: aarch64-linux-gnu-gcc -c -fPIC -O2 -fvisibility=hidden -DSQLITE_DEFAULT_WAL_SYNCHRONOUS=1 -DSQLITE_USE_URI=1 -DSQLITE_ENABLE_DBPAGE_VTAB=1 -DSQLITE_ENABLE_DBSTAT_VTAB=1  conftest.c >&5
configure:9378: $? = 0
configure:9378: result: yes
configure:9378: checking for strings.h
configure:9378: aarch64-linux-gnu-gcc -c -fPIC -O2 -fvisibility=hidden -DSQLITE_DEFAULT_WAL_SYNCHRONOUS=1 -DSQLITE_USE_URI=1 -DSQLITE_ENABLE_DBPAGE_VTAB=1 -DSQLITE_ENABLE_DBSTAT_VTAB=1  conftest.c >&5
configure:9378: $? = 0
configure:9378: result: yes
configure:9378: checking for sys/stat.h
configure:9378: aarch64-linux-gnu-gcc -c -fPIC -O2 -fvisibility=hidden -DSQLITE_DEFAULT_WAL_SYNCHRONOUS=1 -DSQLITE_USE_URI=1 -DSQLITE_ENABLE_DBPAGE_VTAB=1 -DSQLITE_ENABLE_DBSTAT_VTAB=1  conftest.c >&5
configure:9378: $? = 0
configure:9378: result: yes
configure:9378: checking for sys/types.h
configure:9378: aarch64-linux-gnu-gcc -c -fPIC -O2 -fvisibility=hidden -DSQLITE_DEFAULT_WAL_SYNCHRONOUS=1 -DSQLITE_USE_URI=1 -DSQLITE_ENABLE_DBPAGE_VTAB=1 -DSQLITE_ENABLE_DBSTAT_VTAB=1  conftest.c >&5
configure:9378: $? = 0
configure:9378: result: yes
configure:9378: checking for unistd.h
configure:9378: aarch64-linux-gnu-gcc -c -fPIC -O2 -fvisibility=hidden -DSQLITE_DEFAULT_WAL_SYNCHRONOUS=1 -DSQLITE_USE_URI=1 -DSQLITE_ENABLE_DBPAGE_VTAB=1 -DSQLITE_ENABLE_DBSTAT_VTAB=1  conftest.c >&5
configure:9378: $? = 0
configure:9378: result: yes
configure:9403: checking for dlfcn.h
configure:9403: aarch64-linux-gnu-gcc -c -fPIC -O2 -fvisibility=hidden -DSQLITE_DEFAULT_WAL_SYNCHRONOUS=1 -DSQLITE_USE_URI=1 -DSQLITE_ENABLE_DBPAGE_VTAB=1 -DSQLITE_ENABLE_DBSTAT_VTAB=1  conftest.c >&5
configure:9403: $? = 0
configure:9403: result: yes
configure:9662: checking for objdir
configure:9678: result: .libs
configure:9938: checking if aarch64-linux-gnu-gcc supports -fno-rtti -fno-exceptions
configure:9957: aarch64-linux-gnu-gcc -c -fPIC -O2 -fvisibility=hidden -DSQLITE_DEFAULT_WAL_SYNCHRONOUS=1 -DSQLITE_USE_URI=1 -DSQLITE_ENABLE_DBPAGE_VTAB=1 -DSQLITE_ENABLE_DBSTAT_VTAB=1  -fno-rtti -fno-exceptions conftest.c >&5
cc1: warning: command-line option '-fno-rtti' is valid for C++/D/ObjC++ but not for C
configure:9961: $? = 0
configure:9974: result: no
configure:10338: checking for aarch64-linux-gnu-gcc option to produce PIC
configure:10346: result: -fPIC -DPIC
configure:10354: checking if aarch64-linux-gnu-gcc PIC flag -fPIC -DPIC works
configure:10373: aarch64-linux-gnu-gcc -c -fPIC -O2 -fvisibility=hidden -DSQLITE_DEFAULT_WAL_SYNCHRONOUS=1 -DSQLITE_USE_URI=1 -DSQLITE_ENABLE_DBPAGE_VTAB=1 -DSQLITE_ENABLE_DBSTAT_VTAB=1  -fPIC -DPIC -DPIC conftest.c >&5
configure:10377: $? = 0
configure:10390: result: yes
configure:10419: checking if aarch64-linux-gnu-gcc static flag -static works
configure:10448: result: yes
configure:10463: checking if aarch64-linux-gnu-gcc supports -c -o file.o
configure:10485: aarch64-linux-gnu-gcc -c -fPIC -O2 -fvisibility=hidden -DSQLITE_DEFAULT_WAL_SYNCHRONOUS=1 -DSQLITE_USE_URI=1 -DSQLITE_ENABLE_DBPAGE_VTAB=1 -DSQLITE_ENABLE_DBSTAT_VTAB=1  -o out/conftest2.o conftest.c >&5
configure:10489: $? = 0
configure:10511: result: yes
configure:10519: checking if aarch64-linux-gnu-gcc supports -c -o file.o
configure:10567: result: yes
configure:10600: checking whether the aarch64-linux-gnu-gcc linker (/usr/bin/ld) supports shared libraries
configure:11874: result: yes
configure:12115: checking dynamic linker characteristics
configure:12697: aarch64-linux-gnu-gcc -o conftest -fPIC -O2 -fvisibility=hidden -DSQLITE_DEFAULT_WAL_SYNCHRONOUS=1 -DSQLITE_USE_URI=1 -DSQLITE_ENABLE_DBPAGE_VTAB=1 -DSQLITE_ENABLE_DBSTAT_VTAB=1   -Wl,-rpath -Wl,/foo conftest.c  >&5
configure:12697: $? = 0
configure:12948: result: GNU/Linux ld.so
configure:13070: checking how to hardcode library paths into programs
configure:13095: result: immediate
configure:13647: checking whether stripping libraries is possible
configure:13656: result: yes
configure:13698: checking if libtool supports shared libraries
configure:13700: result: yes
configure:13703: checking whether to build shared libraries
configure:13728: result: no
configure:13731: checking whether to build static libraries
configure:13735: result: yes
configure:13775: checking for fdatasync
configure:13775: aarch64-linux-gnu-gcc -o conftest -fPIC -O2 -fvisibility=hidden -DSQLITE_DEFAULT_WAL_SYNCHRONOUS=1 -DSQLITE_USE_URI=1 -DSQLITE_ENABLE_DBPAGE_VTAB=1 -DSQLITE_ENABLE_DBSTAT_VTAB=1   conftest.c  >&5
configure:13775: $? = 0
configure:13775: result: yes
configure:13781: checking for usleep
configure:13781: aarch64-linux-gnu-gcc -o conftest -fPIC -O2 -fvisibility=hidden -DSQLITE_DEFAULT_WAL_SYNCHRONOUS=1 -DSQLITE_USE_URI=1 -DSQLITE_ENABLE_DBPAGE_VTAB=1 -DSQLITE_ENABLE_DBSTAT_VTAB=1   conftest.c  >&5
configure:13781: $? = 0
configure:13781: result: yes
configure:13787: checking for fullfsync
configure:13787: aarch64-linux-gnu-gcc -o conftest -fPIC -O2 -fvisibility=hidden -DSQLITE_DEFAULT_WAL_SYNCHRONOUS=1 -DSQLITE_USE_URI=1 -DSQLITE_ENABLE_DBPAGE_VTAB=1 -DSQLITE_ENABLE_DBSTAT_VTAB=1   conftest.c  >&5
/usr/bin/ld: /tmp/ccTHi38m.o: in function `main':
conftest.c:(.text.startup+0x8): undefined reference to `fullfsync'
collect2: error: ld returned 1 exit status
configure:13787: $? = 1
configure: failed program was:
| /* confdefs.h */
| #define PACKAGE_NAME "sqlite"
| #define PACKAGE_TARNAME "sqlite"
| #define PACKAGE_VERSION "3.47.1"
| #define PACKAGE_STRING "sqlite 3.47.1"
| #define PACKAGE_BUGREPORT "http://www.sqlite.org"
| #define PACKAGE_URL ""
| #define PACKAGE "sqlite"
| #define VERSION "3.47.1"
| #define HAVE_STDIO_H 1
| #define HAVE_STDLIB_H 1
| #define HAVE_STRING_H 1
| #define HAVE_INTTYPES_H 1
| #define HAVE_STDINT_H 1
| #define HAVE_STRINGS_H 1
| #define HAVE_SYS_STAT_H 1
| #define HAVE_SYS_TYPES_H 1
| #define HAVE_UNISTD_H 1
| #define STDC_HEADERS 1
| #define HAVE_DLFCN_H 1
| #define LT_OBJDIR ".libs/"
| #define HAVE_FDATASYNC 1
| #define HAVE_USLEEP 1
| /* end confdefs.h.  */
| /* Define fullfsync to an innocuous variant, in case <limits.h> declares fullfsync.
|    For example, HP-UX 11i <limits.h> declares gettimeofday.  */
| #define fullfsync innocuous_fullfsync
| 
| /* System header to define __stub macros and hopefully few prototypes,
|    which can conflict with char fullfsync (); below.  */
| 
| #include <limits.h>
| #undef fullfsync
| 
| /* Override any GCC internal prototype to avoid an error.
|    Use char because int might match the return type of a GCC
|    builtin and then its argument prototype would still apply.  */
| #ifdef __cplusplus
| extern "C"
| #endif
| char fullfsync ();
| /* The GNU C library defines this for functions which it implements
|     to always fail with ENOSYS.  Some functions are actually named
|     something starting with __ and the normal name is an alias.  */
| #if defined __stub_fullfsync || defined __stub___fullfsync
| choke me
| #endif
| 
| int
| main (void)
| {
| return fullfsync ();
|   ;
|   return 0;
| }
configure:13787: result: no
configure:13793: checking for localtime_r
configure:13793: aarch64-linux-gnu-gcc -o conftest -fPIC -O2 -fvisibility=hidden -DSQLITE_DEFAULT_WAL_SYNCHRONOUS=1 -DSQLITE_USE_URI=1 -DSQLITE_ENABLE_DBPAGE_VTAB=1 -DSQLITE_ENABLE_DBSTAT_VTAB=1   conftest.c  >&5
configure:13793: $? = 0
configure:13793: result: yes
configure:13799: checking for gmtime_r
configure:13799: aarch64-linux-gnu-gcc -o conftest -fPIC -O2 -fvisibility=hidden -DSQLITE_DEFAULT_WAL_SYNCHRONOUS=1 -DSQLITE_USE_URI=1 -DSQLITE_ENABLE_DBPAGE_VTAB=1 -DSQLITE_ENABLE_DBSTAT_VTAB=1   conftest.c  >&5
configure:13799: $? = 0
configure:13799: result: yes
configure:13806: checking for aarch64-linux-gnu-gcc options needed to detect all undeclared functions
configure:13828: aarch64-linux-gnu-gcc -c -fPIC -O2 -fvisibility=hidden -DSQLITE_DEFAULT_WAL_SYNCHRONOUS=1 -DSQLITE_USE_URI=1 -DSQLITE_ENABLE_DBPAGE_VTAB=1 -DSQLITE_ENABLE_DBSTAT_VTAB=1   conftest.c >&5
conftest.c: In function 'main':
conftest.c:31:8: error: 'strchr' undeclared (first use in this function)
   31 | (void) strchr;
      |        ^~~~~~
conftest.c:1:1: note: 'strchr' is defined in header '<string.h>'; did you forget to '#include <string.h>'?
    1 | /* confdefs.h */
conftest.c:31:8: note: each undeclared identifier is reported only once for each function it appears in
   31 | (void) strchr;
      |        ^~~~~~
configure:13828: $? = 1
configure: failed program was:
| /* confdefs.h */
| #define PACKAGE_NAME "sqlite"
| #define PACKAGE_TARNAME "sqlite"
| #define PACKAGE_VERSION "3.47.1"
| #define PACKAGE_STRING "sqlite 3.47.1"
| #define PACKAGE_BUGREPORT "http://www.sqlite.org"
| #define PACKAGE_URL ""
| #define PACKAGE "sqlite"
| #define VERSION "3.47.1"
| #define HAVE_STDIO_H 1
| #define HAVE_STDLIB_H 1
| #define HAVE_STRING_H 1
| #define HAVE_INTTYPES_H 1
| #define HAVE_STDINT_H 1
| #define HAVE_STRINGS_H 1
| #define HAVE_SYS_STAT_H 1
| #define HAVE_SYS_TYPES_H 1
| #define HAVE_UNISTD_H 1
| #define STDC_HEADERS 1
| #define HAVE_DLFCN_H 1
| #define LT_OBJDIR ".libs/"
| #define HAVE_FDATASYNC 1
| #define HAVE_USLEEP 1
| #define HAVE_LOCALTIME_R 1
| #define HAVE_GMTIME_R 1
| /* end confdefs.h.  */
| 
| int
| main (void)
| {
| (void) strchr;
|   ;
|   return 0;
| }
configure:13855: aarch64-linux-gnu-gcc -c -fPIC -O2 -fvisibility=hidden -DSQLITE_DEFAULT_WAL_SYNCHRONOUS=1 -DSQLITE_USE_URI=1 -DSQLITE_ENABLE_DBPAGE_VTAB=1 -DSQLITE_ENABLE_DBSTAT_VTAB=1   conftest.c >&5
configure:13855: $? = 0
configure:13872: result: none needed
configure:13886: checking whether strerror_r is declared
configure:13886: aarch64-linux-gnu-gcc -c -fPIC -O2 -fvisibility=hidden -DSQLITE_DEFAULT_WAL_SYNCHRONOUS=1 -DSQLITE_USE_URI=1 -DSQLITE_ENABLE_DBPAGE_VTAB=1 -DSQLITE_ENABLE_DBSTAT_VTAB=1   conftest.c >&5
configure:13886: $? = 0
configure:13886: result: yes
configure:13905: checking whether strerror_r returns char *
configure:13930: aarch64-linux-gnu-gcc -c -fPIC -O2 -fvisibility=hidden -DSQLITE_DEFAULT_WAL_SYNCHRONOUS=1 -DSQLITE_USE_URI=1 -DSQLITE_ENABLE_DBPAGE_VTAB=1 -DSQLITE_ENABLE_DBSTAT_VTAB=1  conftest.c >&5
conftest.c: In function 'main':
conftest.c:35:20: error: invalid type argument of unary '*' (have 'int')
   35 |           char x = *strerror_r (0, buf, sizeof buf);
      |                    ^~~~~~~~~~~~~~~~~~~~~~~~~~~~~~~~
conftest.c:36:21: warning: initialization of 'char *' from 'int' makes pointer from integer without a cast [-Wint-conversion]
   36 |           char *p = strerror_r (0, buf, sizeof buf);
      |                     ^~~~~~~~~~
configure:13930: $? = 1
configure: failed program was:
| /* confdefs.h */
| #define PACKAGE_NAME "sqlite"
| #define PACKAGE_TARNAME "sqlite"
| #define PACKAGE_VERSION "3.47.1"
| #define PACKAGE_STRING "sqlite 3.47.1"
| #define PACKAGE_BUGREPORT "http://www.sqlite.org"
| #define PACKAGE_URL ""
| #define PACKAGE "sqlite"
| #define VERSION "3.47.1"
| #define HAVE_STDIO_H 1
| #define HAVE_STDLIB_H 1
| #define HAVE_STRING_H 1
| #define HAVE_INTTYPES_H 1
| #define HAVE_STDINT_H 1
| #define HAVE_STRINGS_H 1
| #define HAVE_SYS_STAT_H 1
| #define HAVE_SYS_TYPES_H 1
| #define HAVE_UNISTD_H 1
| #define STDC_HEADERS 1
| #define HAVE_DLFCN_H 1
| #define LT_OBJDIR ".libs/"
| #define HAVE_FDATASYNC 1
| #define HAVE_USLEEP 1
| #define HAVE_LOCALTIME_R 1
| #define HAVE_GMTIME_R 1
| #define HAVE_DECL_STRERROR_R 1
| #define HAVE_STRERROR_R 1
| /* end confdefs.h.  */
| #include <string.h>
| int
| main (void)
| {
| 
| 	  char buf[100];
| 	  char x = *strerror_r (0, buf, sizeof buf);
| 	  char *p = strerror_r (0, buf, sizeof buf);
| 	  return !p || x;
| 
|   ;
|   return 0;
| }
configure:13939: result: no
configure:13987: checking for editline/readline.h
configure:13987: aarch64-linux-gnu-gcc -c -fPIC -O2 -fvisibility=hidden -DSQLITE_DEFAULT_WAL_SYNCHRONOUS=1 -DSQLITE_USE_URI=1 -DSQLITE_ENABLE_DBPAGE_VTAB=1 -DSQLITE_ENABLE_DBSTAT_VTAB=1  conftest.c >&5
conftest.c:57:10: fatal error: editline/readline.h: No such file or directory
   57 | #include <editline/readline.h>
      |          ^~~~~~~~~~~~~~~~~~~~~
compilation terminated.
configure:13987: $? = 1
configure: failed program was:
| /* confdefs.h */
| #define PACKAGE_NAME "sqlite"
| #define PACKAGE_TARNAME "sqlite"
| #define PACKAGE_VERSION "3.47.1"
| #define PACKAGE_STRING "sqlite 3.47.1"
| #define PACKAGE_BUGREPORT "http://www.sqlite.org"
| #define PACKAGE_URL ""
| #define PACKAGE "sqlite"
| #define VERSION "3.47.1"
| #define HAVE_STDIO_H 1
| #define HAVE_STDLIB_H 1
| #define HAVE_STRING_H 1
| #define HAVE_INTTYPES_H 1
| #define HAVE_STDINT_H 1
| #define HAVE_STRINGS_H 1
| #define HAVE_SYS_STAT_H 1
| #define HAVE_SYS_TYPES_H 1
| #define HAVE_UNISTD_H 1
| #define STDC_HEADERS 1
| #define HAVE_DLFCN_H 1
| #define LT_OBJDIR ".libs/"
| #define HAVE_FDATASYNC 1
| #define HAVE_USLEEP 1
| #define HAVE_LOCALTIME_R 1
| #define HAVE_GMTIME_R 1
| #define HAVE_DECL_STRERROR_R 1
| #define HAVE_STRERROR_R 1
| /* end confdefs.h.  */
| #include <stddef.h>
| #ifdef HAVE_STDIO_H
| # include <stdio.h>
| #endif
| #ifdef HAVE_STDLIB_H
| # include <stdlib.h>
| #endif
| #ifdef HAVE_STRING_H
| # include <string.h>
| #endif
| #ifdef HAVE_INTTYPES_H
| # include <inttypes.h>
| #endif
| #ifdef HAVE_STDINT_H
| # include <stdint.h>
| #endif
| #ifdef HAVE_STRINGS_H
| # include <strings.h>
| #endif
| #ifdef HAVE_SYS_TYPES_H
| # include <sys/types.h>
| #endif
| #ifdef HAVE_SYS_STAT_H
| # include <sys/stat.h>
| #endif
| #ifdef HAVE_UNISTD_H
| # include <unistd.h>
| #endif
| #include <editline/readline.h>
configure:13987: result: no
configure:14073: checking for readline/readline.h
configure:14073: aarch64-linux-gnu-gcc -c -fPIC -O2 -fvisibility=hidden -DSQLITE_DEFAULT_WAL_SYNCHRONOUS=1 -DSQLITE_USE_URI=1 -DSQLITE_ENABLE_DBPAGE_VTAB=1 -DSQLITE_ENABLE_DBSTAT_VTAB=1  conftest.c >&5
conftest.c:57:10: fatal error: readline/readline.h: No such file or directory
   57 | #include <readline/readline.h>
      |          ^~~~~~~~~~~~~~~~~~~~~
compilation terminated.
configure:14073: $? = 1
configure: failed program was:
| /* confdefs.h */
| #define PACKAGE_NAME "sqlite"
| #define PACKAGE_TARNAME "sqlite"
| #define PACKAGE_VERSION "3.47.1"
| #define PACKAGE_STRING "sqlite 3.47.1"
| #define PACKAGE_BUGREPORT "http://www.sqlite.org"
| #define PACKAGE_URL ""
| #define PACKAGE "sqlite"
| #define VERSION "3.47.1"
| #define HAVE_STDIO_H 1
| #define HAVE_STDLIB_H 1
| #define HAVE_STRING_H 1
| #define HAVE_INTTYPES_H 1
| #define HAVE_STDINT_H 1
| #define HAVE_STRINGS_H 1
| #define HAVE_SYS_STAT_H 1
| #define HAVE_SYS_TYPES_H 1
| #define HAVE_UNISTD_H 1
| #define STDC_HEADERS 1
| #define HAVE_DLFCN_H 1
| #define LT_OBJDIR ".libs/"
| #define HAVE_FDATASYNC 1
| #define HAVE_USLEEP 1
| #define HAVE_LOCALTIME_R 1
| #define HAVE_GMTIME_R 1
| #define HAVE_DECL_STRERROR_R 1
| #define HAVE_STRERROR_R 1
| /* end confdefs.h.  */
| #include <stddef.h>
| #ifdef HAVE_STDIO_H
| # include <stdio.h>
| #endif
| #ifdef HAVE_STDLIB_H
| # include <stdlib.h>
| #endif
| #ifdef HAVE_STRING_H
| # include <string.h>
| #endif
| #ifdef HAVE_INTTYPES_H
| # include <inttypes.h>
| #endif
| #ifdef HAVE_STDINT_H
| # include <stdint.h>
| #endif
| #ifdef HAVE_STRINGS_H
| # include <strings.h>
| #endif
| #ifdef HAVE_SYS_TYPES_H
| # include <sys/types.h>
| #endif
| #ifdef HAVE_SYS_STAT_H
| # include <sys/stat.h>
| #endif
| #ifdef HAVE_UNISTD_H
| # include <unistd.h>
| #endif
| #include <readline/readline.h>
configure:14073: result: no
configure:14229: checking for library containing pthread_create
configure:14259: aarch64-linux-gnu-gcc -o conftest -fPIC -O2 -fvisibility=hidden -DSQLITE_DEFAULT_WAL_SYNCHRONOUS=1 -DSQLITE_USE_URI=1 -DSQLITE_ENABLE_DBPAGE_VTAB=1 -DSQLITE_ENABLE_DBSTAT_VTAB=1   conftest.c  >&5
configure:14259: $? = 0
configure:14279: result: none required
configure:14288: checking for library containing pthread_mutexattr_init
configure:14318: aarch64-linux-gnu-gcc -o conftest -fPIC -O2 -fvisibility=hidden -DSQLITE_DEFAULT_WAL_SYNCHRONOUS=1 -DSQLITE_USE_URI=1 -DSQLITE_ENABLE_DBPAGE_VTAB=1 -DSQLITE_ENABLE_DBSTAT_VTAB=1   conftest.c  >&5
configure:14318: $? = 0
configure:14338: result: none required
configure:14362: checking for library containing dlopen
configure:14392: aarch64-linux-gnu-gcc -o conftest -fPIC -O2 -fvisibility=hidden -DSQLITE_DEFAULT_WAL_SYNCHRONOUS=1 -DSQLITE_USE_URI=1 -DSQLITE_ENABLE_DBPAGE_VTAB=1 -DSQLITE_ENABLE_DBSTAT_VTAB=1   conftest.c  >&5
configure:14392: $? = 0
configure:14412: result: none required
configure:14424: checking for whether to support dynamic extensions
configure:14426: result: yes
configure:14441: checking SQL math functions
configure:14445: result: enabled
configure:14447: checking for library containing ceil
configure:14477: aarch64-linux-gnu-gcc -o conftest -fPIC -O2 -fvisibility=hidden -DSQLITE_DEFAULT_WAL_SYNCHRONOUS=1 -DSQLITE_USE_URI=1 -DSQLITE_ENABLE_DBPAGE_VTAB=1 -DSQLITE_ENABLE_DBSTAT_VTAB=1   conftest.c  >&5
conftest.c:33:6: warning: conflicting types for built-in function 'ceil'; expected 'double(double)' [-Wbuiltin-declaration-mismatch]
   33 | char ceil ();
      |      ^~~~
conftest.c:1:1: note: 'ceil' is declared in header '<math.h>'
    1 | /* confdefs.h */
/usr/bin/ld: /tmp/ccZPjB4M.o: in function `main':
conftest.c:(.text.startup+0x8): undefined reference to `ceil'
collect2: error: ld returned 1 exit status
configure:14477: $? = 1
configure: failed program was:
| /* confdefs.h */
| #define PACKAGE_NAME "sqlite"
| #define PACKAGE_TARNAME "sqlite"
| #define PACKAGE_VERSION "3.47.1"
| #define PACKAGE_STRING "sqlite 3.47.1"
| #define PACKAGE_BUGREPORT "http://www.sqlite.org"
| #define PACKAGE_URL ""
| #define PACKAGE "sqlite"
| #define VERSION "3.47.1"
| #define HAVE_STDIO_H 1
| #define HAVE_STDLIB_H 1
| #define HAVE_STRING_H 1
| #define HAVE_INTTYPES_H 1
| #define HAVE_STDINT_H 1
| #define HAVE_STRINGS_H 1
| #define HAVE_SYS_STAT_H 1
| #define HAVE_SYS_TYPES_H 1
| #define HAVE_UNISTD_H 1
| #define STDC_HEADERS 1
| #define HAVE_DLFCN_H 1
| #define LT_OBJDIR ".libs/"
| #define HAVE_FDATASYNC 1
| #define HAVE_USLEEP 1
| #define HAVE_LOCALTIME_R 1
| #define HAVE_GMTIME_R 1
| #define HAVE_DECL_STRERROR_R 1
| #define HAVE_STRERROR_R 1
| /* end confdefs.h.  */
| 
| /* Override any GCC internal prototype to avoid an error.
|    Use char because int might match the return type of a GCC
|    builtin and then its argument prototype would still apply.  */
| char ceil ();
| int
| main (void)
| {
| return ceil ();
|   ;
|   return 0;
| }
configure:14477: aarch64-linux-gnu-gcc -o conftest -fPIC -O2 -fvisibility=hidden -DSQLITE_DEFAULT_WAL_SYNCHRONOUS=1 -DSQLITE_USE_URI=1 -DSQLITE_ENABLE_DBPAGE_VTAB=1 -DSQLITE_ENABLE_DBSTAT_VTAB=1   conftest.c -lm   >&5
conftest.c:33:6: warning: conflicting types for built-in function 'ceil'; expected 'double(double)' [-Wbuiltin-declaration-mismatch]
   33 | char ceil ();
      |      ^~~~
conftest.c:1:1: note: 'ceil' is declared in header '<math.h>'
    1 | /* confdefs.h */
configure:14477: $? = 0
configure:14497: result: -lm
configure:14523: checking FTS4 extension
configure:14527: result: enabled
configure:14544: checking FTS3 extension
configure:14551: result: disabled
configure:14567: checking FTS5 extension
configure:14570: result: enabled
configure:14572: checking for library containing log
configure:14602: aarch64-linux-gnu-gcc -o conftest -fPIC -O2 -fvisibility=hidden -DSQLITE_DEFAULT_WAL_SYNCHRONOUS=1 -DSQLITE_USE_URI=1 -DSQLITE_ENABLE_DBPAGE_VTAB=1 -DSQLITE_ENABLE_DBSTAT_VTAB=1   conftest.c -lm  >&5
conftest.c:33:6: warning: conflicting types for built-in function 'log'; expected 'double(double)' [-Wbuiltin-declaration-mismatch]
   33 | char log ();
      |      ^~~
conftest.c:1:1: note: 'log' is declared in header '<math.h>'
    1 | /* confdefs.h */
configure:14602: $? = 0
configure:14622: result: none required
configure:14649: checking RTREE extension
configure:14653: result: enabled
configure:14670: checking Session extension
configure:14677: result: disabled
configure:14691: checking Build type
configure:14699: result: release
configure:14723: checking for posix_fallocate
configure:14723: aarch64-linux-gnu-gcc -o conftest -fPIC -O2 -fvisibility=hidden -DSQLITE_DEFAULT_WAL_SYNCHRONOUS=1 -DSQLITE_USE_URI=1 -DSQLITE_ENABLE_DBPAGE_VTAB=1 -DSQLITE_ENABLE_DBSTAT_VTAB=1   conftest.c -lm  >&5
configure:14723: $? = 0
configure:14723: result: yes
configure:14732: checking for zlib.h
configure:14732: aarch64-linux-gnu-gcc -c -fPIC -O2 -fvisibility=hidden -DSQLITE_DEFAULT_WAL_SYNCHRONOUS=1 -DSQLITE_USE_URI=1 -DSQLITE_ENABLE_DBPAGE_VTAB=1 -DSQLITE_ENABLE_DBSTAT_VTAB=1  conftest.c >&5
configure:14732: $? = 0
configure:14732: result: yes
configure:14737: checking for library containing deflate
configure:14767: aarch64-linux-gnu-gcc -o conftest -fPIC -O2 -fvisibility=hidden -DSQLITE_DEFAULT_WAL_SYNCHRONOUS=1 -DSQLITE_USE_URI=1 -DSQLITE_ENABLE_DBPAGE_VTAB=1 -DSQLITE_ENABLE_DBSTAT_VTAB=1   conftest.c -lm  >&5
/usr/bin/ld: /tmp/ccBkBTDE.o: in function `main':
conftest.c:(.text.startup+0x8): undefined reference to `deflate'
collect2: error: ld returned 1 exit status
configure:14767: $? = 1
configure: failed program was:
| /* confdefs.h */
| #define PACKAGE_NAME "sqlite"
| #define PACKAGE_TARNAME "sqlite"
| #define PACKAGE_VERSION "3.47.1"
| #define PACKAGE_STRING "sqlite 3.47.1"
| #define PACKAGE_BUGREPORT "http://www.sqlite.org"
| #define PACKAGE_URL ""
| #define PACKAGE "sqlite"
| #define VERSION "3.47.1"
| #define HAVE_STDIO_H 1
| #define HAVE_STDLIB_H 1
| #define HAVE_STRING_H 1
| #define HAVE_INTTYPES_H 1
| #define HAVE_STDINT_H 1
| #define HAVE_STRINGS_H 1
| #define HAVE_SYS_STAT_H 1
| #define HAVE_SYS_TYPES_H 1
| #define HAVE_UNISTD_H 1
| #define STDC_HEADERS 1
| #define HAVE_DLFCN_H 1
| #define LT_OBJDIR ".libs/"
| #define HAVE_FDATASYNC 1
| #define HAVE_USLEEP 1
| #define HAVE_LOCALTIME_R 1
| #define HAVE_GMTIME_R 1
| #define HAVE_DECL_STRERROR_R 1
| #define HAVE_STRERROR_R 1
| #define HAVE_POSIX_FALLOCATE 1
| #define HAVE_ZLIB_H 1
| /* end confdefs.h.  */
| 
| /* Override any GCC internal prototype to avoid an error.
|    Use char because int might match the return type of a GCC
|    builtin and then its argument prototype would still apply.  */
| char deflate ();
| int
| main (void)
| {
| return deflate ();
|   ;
|   return 0;
| }
configure:14767: aarch64-linux-gnu-gcc -o conftest -fPIC -O2 -fvisibility=hidden -DSQLITE_DEFAULT_WAL_SYNCHRONOUS=1 -DSQLITE_USE_URI=1 -DSQLITE_ENABLE_DBPAGE_VTAB=1 -DSQLITE_ENABLE_DBSTAT_VTAB=1   conftest.c -lz  -lm  >&5
configure:14767: $? = 0
configure:14787: result: -lz
configure:14801: checking for library containing system
configure:14831: aarch64-linux-gnu-gcc -o conftest -fPIC -O2 -fvisibility=hidden -DSQLITE_DEFAULT_WAL_SYNCHRONOUS=1 -DSQLITE_USE_URI=1 -DSQLITE_ENABLE_DBPAGE_VTAB=1 -DSQLITE_ENABLE_DBSTAT_VTAB=1   conftest.c -lz -lm  >&5
configure:14831: $? = 0
configure:14851: result: none required
configure:15026: checking that generated files are newer than configure
configure:15032: result: done
configure:15059: creating ./config.status

## ---------------------- ##
## Running config.status. ##
## ---------------------- ##

This file was extended by sqlite config.status 3.47.1, which was
generated by GNU Autoconf 2.71.  Invocation command line was

  CONFIG_FILES    = 
  CONFIG_HEADERS  = 
  CONFIG_LINKS    = 
  CONFIG_COMMANDS = 
  $ ./config.status 

on raspberry

config.status:1018: creating Makefile
config.status:1018: creating sqlite3.pc
config.status:1190: executing depfiles commands
config.status:1267: cd .       && sed -e '/# am--include-marker/d' Makefile         | make -f - am--depfiles
config.status:1272: $? = 0
config.status:1190: executing libtool commands
configure:17018: WARNING: unrecognized options: --disable-tcl

## ---------------- ##
## Cache variables. ##
## ---------------- ##

ac_cv_build=aarch64-unknown-linux-gnu
ac_cv_c_compiler_gnu=yes
ac_cv_c_undeclared_builtin_options='none needed'
ac_cv_env_CC_set=set
ac_cv_env_CC_value=aarch64-linux-gnu-gcc
ac_cv_env_CFLAGS_set=set
ac_cv_env_CFLAGS_value='-fPIC -O2 -fvisibility=hidden -DSQLITE_DEFAULT_WAL_SYNCHRONOUS=1 -DSQLITE_USE_URI=1 -DSQLITE_ENABLE_DBPAGE_VTAB=1 -DSQLITE_ENABLE_DBSTAT_VTAB=1'
ac_cv_env_CPPFLAGS_set=
ac_cv_env_CPPFLAGS_value=
ac_cv_env_LDFLAGS_set=
ac_cv_env_LDFLAGS_value=
ac_cv_env_LIBS_set=
ac_cv_env_LIBS_value=
ac_cv_env_LT_SYS_LIBRARY_PATH_set=
ac_cv_env_LT_SYS_LIBRARY_PATH_value=
ac_cv_env_build_alias_set=
ac_cv_env_build_alias_value=
ac_cv_env_host_alias_set=set
ac_cv_env_host_alias_value=aarch64-linux-gnu
ac_cv_env_target_alias_set=
ac_cv_env_target_alias_value=
ac_cv_func_fdatasync=yes
ac_cv_func_fullfsync=no
ac_cv_func_gmtime_r=yes
ac_cv_func_localtime_r=yes
ac_cv_func_posix_fallocate=yes
ac_cv_func_strerror_r_char_p=no
ac_cv_func_usleep=yes
ac_cv_have_decl_strerror_r=yes
ac_cv_header_dlfcn_h=yes
ac_cv_header_editline_readline_h=no
ac_cv_header_inttypes_h=yes
ac_cv_header_readline_readline_h=no
ac_cv_header_stdint_h=yes
ac_cv_header_stdio_h=yes
ac_cv_header_stdlib_h=yes
ac_cv_header_string_h=yes
ac_cv_header_strings_h=yes
ac_cv_header_sys_stat_h=yes
ac_cv_header_sys_types_h=yes
ac_cv_header_unistd_h=yes
ac_cv_header_zlib_h=yes
ac_cv_host=aarch64-unknown-linux-gnu
ac_cv_objext=o
ac_cv_path_EGREP='/usr/bin/grep -E'
ac_cv_path_FGREP='/usr/bin/grep -F'
ac_cv_path_GREP=/usr/bin/grep
ac_cv_path_SED=/usr/bin/sed
ac_cv_path_install='/usr/bin/install -c'
ac_cv_path_lt_DD=/usr/bin/dd
ac_cv_path_mkdir=/usr/bin/mkdir
ac_cv_prog_AR=aarch64-linux-gnu-ar
ac_cv_prog_AWK=mawk
ac_cv_prog_CC=aarch64-linux-gnu-gcc
ac_cv_prog_OBJDUMP=aarch64-linux-gnu-objdump
ac_cv_prog_RANLIB=aarch64-linux-gnu-ranlib
ac_cv_prog_STRIP=aarch64-linux-gnu-strip
ac_cv_prog_ac_ct_FILECMD=file
ac_cv_prog_ac_ct_MANIFEST_TOOL=mt
ac_cv_prog_cc_c11=
ac_cv_prog_cc_g=yes
ac_cv_prog_cc_stdc=
ac_cv_prog_make_make_set=yes
ac_cv_search_ceil=-lm
ac_cv_search_deflate=-lz
ac_cv_search_dlopen='none required'
ac_cv_search_log='none required'
ac_cv_search_pthread_create='none required'
ac_cv_search_pthread_mutexattr_init='none required'
ac_cv_search_system='none required'
ac_cv_sys_file_offset_bits=no
ac_cv_sys_largefile_CC=no
am_cv_CC_dependencies_compiler_type=gcc3
am_cv_make_support_nested_variables=yes
am_cv_prog_cc_c_o=yes
lt_cv_ar_at_file=@
lt_cv_deplibs_check_method=pass_all
lt_cv_file_magic_cmd='$MAGIC_CMD'
lt_cv_file_magic_test_file=
lt_cv_ld_reload_flag=-r
lt_cv_nm_interface='BSD nm'
lt_cv_objdir=.libs
lt_cv_path_LD=/usr/bin/ld
lt_cv_path_NM='/usr/bin/aarch64-linux-gnu-nm -B'
lt_cv_path_mainfest_tool=no
lt_cv_prog_compiler_c_o=yes
lt_cv_prog_compiler_pic='-fPIC -DPIC'
lt_cv_prog_compiler_pic_works=yes
lt_cv_prog_compiler_rtti_exceptions=no
lt_cv_prog_compiler_static_works=yes
lt_cv_prog_gnu_ld=yes
lt_cv_sharedlib_from_linklib_cmd='printf %s\n'
lt_cv_shlibpath_overrides_runpath=yes
lt_cv_sys_global_symbol_pipe='/usr/bin/sed -n -e '\''s/^.*[	 ]\([ABCDGIRSTW][ABCDGIRSTW]*\)[	 ][	 ]*\([_A-Za-z][_A-Za-z0-9]*\)$/\1 \2 \2/p'\'' | /usr/bin/sed '\''/ __gnu_lto/d'\'''
lt_cv_sys_global_symbol_to_c_name_address='/usr/bin/sed -n -e '\''s/^: \(.*\) .*$/  {"\1", (void *) 0},/p'\'' -e '\''s/^[ABCDGIRSTW][ABCDGIRSTW]* .* \(.*\)$/  {"\1", (void *) \&\1},/p'\'''
lt_cv_sys_global_symbol_to_c_name_address_lib_prefix='/usr/bin/sed -n -e '\''s/^: \(.*\) .*$/  {"\1", (void *) 0},/p'\'' -e '\''s/^[ABCDGIRSTW][ABCDGIRSTW]* .* \(lib.*\)$/  {"\1", (void *) \&\1},/p'\'' -e '\''s/^[ABCDGIRSTW][ABCDGIRSTW]* .* \(.*\)$/  {"lib\1", (void *) \&\1},/p'\'''
lt_cv_sys_global_symbol_to_cdecl='/usr/bin/sed -n -e '\''s/^T .* \(.*\)$/extern int \1();/p'\'' -e '\''s/^[ABCDGIRSTW][ABCDGIRSTW]* .* \(.*\)$/extern char \1;/p'\'''
lt_cv_sys_global_symbol_to_import=
lt_cv_sys_max_cmd_len=1572864
lt_cv_to_host_file_cmd=func_convert_file_noop
lt_cv_to_tool_file_cmd=func_convert_file_noop
lt_cv_truncate_bin='/usr/bin/dd bs=4096 count=1'

## ----------------- ##
## Output variables. ##
## ----------------- ##

ACLOCAL='${SHELL} '\''/var/www/portfolio/vendor/bundle/ruby/3.1.0/gems/sqlite3-2.4.0/ext/sqlite3/tmp/aarch64-linux-gnu/ports/sqlite3/3.47.1/sqlite-autoconf-3470100/missing'\'' aclocal-1.16'
AMDEPBACKSLASH='\'
AMDEP_FALSE='#'
AMDEP_TRUE=''
AMTAR='$${TAR-tar}'
AM_BACKSLASH='\'
AM_DEFAULT_V='$(AM_DEFAULT_VERBOSITY)'
AM_DEFAULT_VERBOSITY='1'
AM_V='$(V)'
AR='aarch64-linux-gnu-ar'
AUTOCONF='${SHELL} '\''/var/www/portfolio/vendor/bundle/ruby/3.1.0/gems/sqlite3-2.4.0/ext/sqlite3/tmp/aarch64-linux-gnu/ports/sqlite3/3.47.1/sqlite-autoconf-3470100/missing'\'' autoconf'
AUTOHEADER='${SHELL} '\''/var/www/portfolio/vendor/bundle/ruby/3.1.0/gems/sqlite3-2.4.0/ext/sqlite3/tmp/aarch64-linux-gnu/ports/sqlite3/3.47.1/sqlite-autoconf-3470100/missing'\'' autoheader'
AUTOMAKE='${SHELL} '\''/var/www/portfolio/vendor/bundle/ruby/3.1.0/gems/sqlite3-2.4.0/ext/sqlite3/tmp/aarch64-linux-gnu/ports/sqlite3/3.47.1/sqlite-autoconf-3470100/missing'\'' automake-1.16'
AWK='mawk'
BUILD_CFLAGS=' -D_REENTRANT=1 -DSQLITE_THREADSAFE=1 -DSQLITE_ENABLE_MATH_FUNCTIONS -DSQLITE_ENABLE_FTS4 -DSQLITE_ENABLE_FTS5 -DSQLITE_ENABLE_RTREE -DSQLITE_ENABLE_GEOPOLY -DSQLITE_HAVE_ZLIB'
CC='aarch64-linux-gnu-gcc'
CCDEPMODE='depmode=gcc3'
CFLAGS='-fPIC -O2 -fvisibility=hidden -DSQLITE_DEFAULT_WAL_SYNCHRONOUS=1 -DSQLITE_USE_URI=1 -DSQLITE_ENABLE_DBPAGE_VTAB=1 -DSQLITE_ENABLE_DBSTAT_VTAB=1'
CPPFLAGS=''
CSCOPE='cscope'
CTAGS='ctags'
CYGPATH_W='echo'
DEFS='-DPACKAGE_NAME=\"sqlite\" -DPACKAGE_TARNAME=\"sqlite\" -DPACKAGE_VERSION=\"3.47.1\" -DPACKAGE_STRING=\"sqlite\ 3.47.1\" -DPACKAGE_BUGREPORT=\"http://www.sqlite.org\" -DPACKAGE_URL=\"\" -DPACKAGE=\"sqlite\" -DVERSION=\"3.47.1\" -DHAVE_STDIO_H=1 -DHAVE_STDLIB_H=1 -DHAVE_STRING_H=1 -DHAVE_INTTYPES_H=1 -DHAVE_STDINT_H=1 -DHAVE_STRINGS_H=1 -DHAVE_SYS_STAT_H=1 -DHAVE_SYS_TYPES_H=1 -DHAVE_UNISTD_H=1 -DSTDC_HEADERS=1 -DHAVE_DLFCN_H=1 -DLT_OBJDIR=\".libs/\" -DHAVE_FDATASYNC=1 -DHAVE_USLEEP=1 -DHAVE_LOCALTIME_R=1 -DHAVE_GMTIME_R=1 -DHAVE_DECL_STRERROR_R=1 -DHAVE_STRERROR_R=1 -DHAVE_POSIX_FALLOCATE=1 -DHAVE_ZLIB_H=1'
DEPDIR='.deps'
DLLTOOL='false'
DSYMUTIL=''
DUMPBIN=''
ECHO_C=''
ECHO_N='-n'
ECHO_T=''
EGREP='/usr/bin/grep -E'
ETAGS='etags'
EXEEXT=''
EXTRA_SHELL_OBJ='sqlite3-sqlite3.o'
FGREP='/usr/bin/grep -F'
FILECMD='file'
GREP='/usr/bin/grep'
INSTALL_DATA='${INSTALL} -m 644'
INSTALL_PROGRAM='${INSTALL}'
INSTALL_SCRIPT='${INSTALL}'
INSTALL_STRIP_PROGRAM='$(install_sh) -c -s'
LD='/usr/bin/ld'
LDFLAGS=''
LIBOBJS=''
LIBS='-lz -lm '
LIBTOOL='$(SHELL) $(top_builddir)/libtool'
LIPO=''
LN_S='ln -s'
LTLIBOBJS=''
LT_SYS_LIBRARY_PATH=''
MAKEINFO='${SHELL} '\''/var/www/portfolio/vendor/bundle/ruby/3.1.0/gems/sqlite3-2.4.0/ext/sqlite3/tmp/aarch64-linux-gnu/ports/sqlite3/3.47.1/sqlite-autoconf-3470100/missing'\'' makeinfo'
MANIFEST_TOOL=':'
MKDIR_P='/usr/bin/mkdir -p'
NM='/usr/bin/aarch64-linux-gnu-nm -B'
NMEDIT=''
OBJDUMP='aarch64-linux-gnu-objdump'
OBJEXT='o'
OTOOL64=''
OTOOL=''
PACKAGE='sqlite'
PACKAGE_BUGREPORT='http://www.sqlite.org'
PACKAGE_NAME='sqlite'
PACKAGE_STRING='sqlite 3.47.1'
PACKAGE_TARNAME='sqlite'
PACKAGE_URL=''
PACKAGE_VERSION='3.47.1'
PATH_SEPARATOR=':'
RANLIB='aarch64-linux-gnu-ranlib'
READLINE_LIBS=''
SED='/usr/bin/sed'
SET_MAKE=''
SHELL='/bin/bash'
SHELL_CFLAGS=''
STRIP='aarch64-linux-gnu-strip'
VERSION='3.47.1'
ac_ct_AR=''
ac_ct_CC=''
ac_ct_DUMPBIN=''
am__EXEEXT_FALSE=''
am__EXEEXT_TRUE='#'
am__fastdepCC_FALSE='#'
am__fastdepCC_TRUE=''
am__include='include'
am__isrc=''
am__leading_dot='.'
am__nodep='_no'
am__quote=''
am__tar='$${TAR-tar} chof - "$$tardir"'
am__untar='$${TAR-tar} xf -'
bindir='${exec_prefix}/bin'
build='aarch64-unknown-linux-gnu'
build_alias=''
build_cpu='aarch64'
build_os='linux-gnu'
build_vendor='unknown'
datadir='${datarootdir}'
datarootdir='${prefix}/share'
docdir='${datarootdir}/doc/${PACKAGE_TARNAME}'
dvidir='${docdir}'
exec_prefix='${prefix}'
host='aarch64-unknown-linux-gnu'
host_alias='aarch64-linux-gnu'
host_cpu='aarch64'
host_os='linux-gnu'
host_vendor='unknown'
htmldir='${docdir}'
includedir='${prefix}/include'
infodir='${datarootdir}/info'
install_sh='${SHELL} /var/www/portfolio/vendor/bundle/ruby/3.1.0/gems/sqlite3-2.4.0/ext/sqlite3/tmp/aarch64-linux-gnu/ports/sqlite3/3.47.1/sqlite-autoconf-3470100/install-sh'
libdir='${exec_prefix}/lib'
libexecdir='${exec_prefix}/libexec'
localedir='${datarootdir}/locale'
localstatedir='${prefix}/var'
mandir='${datarootdir}/man'
mkdir_p='$(MKDIR_P)'
oldincludedir='/usr/include'
pdfdir='${docdir}'
prefix='/var/www/portfolio/vendor/bundle/ruby/3.1.0/gems/sqlite3-2.4.0/ports/aarch64-linux-gnu/sqlite3/3.47.1'
program_transform_name='s,x,x,'
psdir='${docdir}'
runstatedir='${localstatedir}/run'
sbindir='${exec_prefix}/sbin'
sharedstatedir='${prefix}/com'
sysconfdir='${prefix}/etc'
target_alias=''

## ----------- ##
## confdefs.h. ##
## ----------- ##

/* confdefs.h */
#define PACKAGE_NAME "sqlite"
#define PACKAGE_TARNAME "sqlite"
#define PACKAGE_VERSION "3.47.1"
#define PACKAGE_STRING "sqlite 3.47.1"
#define PACKAGE_BUGREPORT "http://www.sqlite.org"
#define PACKAGE_URL ""
#define PACKAGE "sqlite"
#define VERSION "3.47.1"
#define HAVE_STDIO_H 1
#define HAVE_STDLIB_H 1
#define HAVE_STRING_H 1
#define HAVE_INTTYPES_H 1
#define HAVE_STDINT_H 1
#define HAVE_STRINGS_H 1
#define HAVE_SYS_STAT_H 1
#define HAVE_SYS_TYPES_H 1
#define HAVE_UNISTD_H 1
#define STDC_HEADERS 1
#define HAVE_DLFCN_H 1
#define LT_OBJDIR ".libs/"
#define HAVE_FDATASYNC 1
#define HAVE_USLEEP 1
#define HAVE_LOCALTIME_R 1
#define HAVE_GMTIME_R 1
#define HAVE_DECL_STRERROR_R 1
#define HAVE_STRERROR_R 1
#define HAVE_POSIX_FALLOCATE 1
#define HAVE_ZLIB_H 1

configure: exit 0
