LD_LIBRARY_PATH=.:/usr/lib/aarch64-linux-gnu aarch64-linux-gnu-pkg-config --exists /var/www/portfolio/vendor/bundle/ruby/3.1.0/gems/sqlite3-2.4.0/ports/aarch64-linux-gnu/sqlite3/3.47.1/lib/pkgconfig/sqlite3.pc
LD_LIBRARY_PATH=.:/usr/lib/aarch64-linux-gnu aarch64-linux-gnu-pkg-config --libs /var/www/portfolio/vendor/bundle/ruby/3.1.0/gems/sqlite3-2.4.0/ports/aarch64-linux-gnu/sqlite3/3.47.1/lib/pkgconfig/sqlite3.pc |
=> "-lsqlite3 \n"
LD_LIBRARY_PATH=.:/usr/lib/aarch64-linux-gnu "aarch64-linux-gnu-gcc -o conftest -I/usr/include/aarch64-linux-gnu/ruby-3.1.0 -I/usr/include/ruby-3.1.0/ruby/backward -I/usr/include/ruby-3.1.0 -I. -Wdate-time -D_FORTIFY_SOURCE=2   -g -O2 -ffile-prefix-map=BUILDDIR=. -fstack-protector-strong -Wformat -Werror=format-security -fPIC conftest.c  -L. -L/usr/lib/aarch64-linux-gnu -L. -Wl,-z,relro -Wl,-z,now -fstack-protector-strong -rdynamic -Wl,-export-dynamic -Wl,--no-as-needed     -lruby-3.1  -lm  -lc"
checked program was:
/* begin */
1: #include "ruby.h"
2: 
3: int main(int argc, char **argv)
4: {
5:   return !!argv[argc];
6: }
/* end */

LD_LIBRARY_PATH=.:/usr/lib/aarch64-linux-gnu "aarch64-linux-gnu-gcc -o conftest -I/usr/include/aarch64-linux-gnu/ruby-3.1.0 -I/usr/include/ruby-3.1.0/ruby/backward -I/usr/include/ruby-3.1.0 -I. -Wdate-time -D_FORTIFY_SOURCE=2   -g -O2 -ffile-prefix-map=BUILDDIR=. -fstack-protector-strong -Wformat -Werror=format-security -fPIC conftest.c  -L. -L/usr/lib/aarch64-linux-gnu -L. -Wl,-z,relro -Wl,-z,now -fstack-protector-strong -rdynamic -Wl,-export-dynamic -Wl,--no-as-needed     -lruby-3.1 -lsqlite3 -lm  -lc"
checked program was:
/* begin */
1: #include "ruby.h"
2: 
3: int main(int argc, char **argv)
4: {
5:   return !!argv[argc];
6: }
/* end */

LD_LIBRARY_PATH=.:/usr/lib/aarch64-linux-gnu aarch64-linux-gnu-pkg-config --cflags-only-I /var/www/portfolio/vendor/bundle/ruby/3.1.0/gems/sqlite3-2.4.0/ports/aarch64-linux-gnu/sqlite3/3.47.1/lib/pkgconfig/sqlite3.pc |
=> "-I/var/www/portfolio/vendor/bundle/ruby/3.1.0/gems/sqlite3-2.4.0/ports/aarch64-linux-gnu/sqlite3/3.47.1/include \n"
LD_LIBRARY_PATH=.:/usr/lib/aarch64-linux-gnu aarch64-linux-gnu-pkg-config --cflags-only-other /var/www/portfolio/vendor/bundle/ruby/3.1.0/gems/sqlite3-2.4.0/ports/aarch64-linux-gnu/sqlite3/3.47.1/lib/pkgconfig/sqlite3.pc |
=> "\n"
LD_LIBRARY_PATH=.:/usr/lib/aarch64-linux-gnu aarch64-linux-gnu-pkg-config --libs-only-l /var/www/portfolio/vendor/bundle/ruby/3.1.0/gems/sqlite3-2.4.0/ports/aarch64-linux-gnu/sqlite3/3.47.1/lib/pkgconfig/sqlite3.pc |
=> "-lsqlite3 \n"
package configuration for /var/www/portfolio/vendor/bundle/ruby/3.1.0/gems/sqlite3-2.4.0/ports/aarch64-linux-gnu/sqlite3/3.47.1/lib/pkgconfig/sqlite3.pc
incflags: -I/var/www/portfolio/vendor/bundle/ruby/3.1.0/gems/sqlite3-2.4.0/ports/aarch64-linux-gnu/sqlite3/3.47.1/include
cflags: 
ldflags: 
libs: -lsqlite3

LD_LIBRARY_PATH=.:/usr/lib/aarch64-linux-gnu pkg-config --libs --static /var/www/portfolio/vendor/bundle/ruby/3.1.0/gems/sqlite3-2.4.0/ports/aarch64-linux-gnu/sqlite3/3.47.1/lib/pkgconfig/sqlite3.pc |
block in append_ldflags: checking for whether -L/var/www/portfolio/vendor/bundle/ruby/3.1.0/gems/sqlite3-2.4.0/ports/aarch64-linux-gnu/sqlite3/3.47.1/lib is accepted as LDFLAGS... -------------------- yes

LD_LIBRARY_PATH=.:/usr/lib/aarch64-linux-gnu "aarch64-linux-gnu-gcc -o conftest -I/usr/include/aarch64-linux-gnu/ruby-3.1.0 -I/usr/include/ruby-3.1.0/ruby/backward -I/usr/include/ruby-3.1.0 -I. -I/var/www/portfolio/vendor/bundle/ruby/3.1.0/gems/sqlite3-2.4.0/ports/aarch64-linux-gnu/sqlite3/3.47.1/include -Wdate-time -D_FORTIFY_SOURCE=2   -g -O2 -ffile-prefix-map=BUILDDIR=. -fstack-protector-strong -Wformat -Werror=format-security -fPIC  conftest.c  -L. -L/usr/lib/aarch64-linux-gnu -L. -Wl,-z,relro -Wl,-z,now -fstack-protector-strong -rdynamic -Wl,-export-dynamic -Wl,--no-as-needed      -lsqlite3 -lruby-3.1 -L/var/www/portfolio/vendor/bundle/ruby/3.1.0/gems/sqlite3-2.4.0/ports/aarch64-linux-gnu/sqlite3/3.47.1/lib -lm  -lc"
checked program was:
/* begin */
1: #include "ruby.h"
2: 
3: int main(int argc, char **argv)
4: {
5:   return !!argv[argc];
6: }
/* end */

--------------------

block in append_ldflags: checking for whether -lsqlite3 is accepted as LDFLAGS... -------------------- yes

LD_LIBRARY_PATH=.:/usr/lib/aarch64-linux-gnu "aarch64-linux-gnu-gcc -o conftest -I/usr/include/aarch64-linux-gnu/ruby-3.1.0 -I/usr/include/ruby-3.1.0/ruby/backward -I/usr/include/ruby-3.1.0 -I. -I/var/www/portfolio/vendor/bundle/ruby/3.1.0/gems/sqlite3-2.4.0/ports/aarch64-linux-gnu/sqlite3/3.47.1/include -Wdate-time -D_FORTIFY_SOURCE=2   -g -O2 -ffile-prefix-map=BUILDDIR=. -fstack-protector-strong -Wformat -Werror=format-security -fPIC  conftest.c  -L. -L/usr/lib/aarch64-linux-gnu -L. -Wl,-z,relro -Wl,-z,now -fstack-protector-strong -rdynamic -Wl,-export-dynamic -Wl,--no-as-needed  -L/var/www/portfolio/vendor/bundle/ruby/3.1.0/gems/sqlite3-2.4.0/ports/aarch64-linux-gnu/sqlite3/3.47.1/lib     -lsqlite3 -lruby-3.1 -lsqlite3 -lm  -lc"
checked program was:
/* begin */
1: #include "ruby.h"
2: 
3: int main(int argc, char **argv)
4: {
5:   return !!argv[argc];
6: }
/* end */

--------------------

block in append_ldflags: checking for whether -lz is accepted as LDFLAGS... -------------------- yes

LD_LIBRARY_PATH=.:/usr/lib/aarch64-linux-gnu "aarch64-linux-gnu-gcc -o conftest -I/usr/include/aarch64-linux-gnu/ruby-3.1.0 -I/usr/include/ruby-3.1.0/ruby/backward -I/usr/include/ruby-3.1.0 -I. -I/var/www/portfolio/vendor/bundle/ruby/3.1.0/gems/sqlite3-2.4.0/ports/aarch64-linux-gnu/sqlite3/3.47.1/include -Wdate-time -D_FORTIFY_SOURCE=2   -g -O2 -ffile-prefix-map=BUILDDIR=. -fstack-protector-strong -Wformat -Werror=format-security -fPIC  conftest.c  -L. -L/usr/lib/aarch64-linux-gnu -L. -Wl,-z,relro -Wl,-z,now -fstack-protector-strong -rdynamic -Wl,-export-dynamic -Wl,--no-as-needed  -L/var/www/portfolio/vendor/bundle/ruby/3.1.0/gems/sqlite3-2.4.0/ports/aarch64-linux-gnu/sqlite3/3.47.1/lib -lsqlite3     -lsqlite3 -lruby-3.1 -lz -lm  -lc"
checked program was:
/* begin */
1: #include "ruby.h"
2: 
3: int main(int argc, char **argv)
4: {
5:   return !!argv[argc];
6: }
/* end */

--------------------

block in append_ldflags: checking for whether -lm is accepted as LDFLAGS... -------------------- yes

LD_LIBRARY_PATH=.:/usr/lib/aarch64-linux-gnu "aarch64-linux-gnu-gcc -o conftest -I/usr/include/aarch64-linux-gnu/ruby-3.1.0 -I/usr/include/ruby-3.1.0/ruby/backward -I/usr/include/ruby-3.1.0 -I. -I/var/www/portfolio/vendor/bundle/ruby/3.1.0/gems/sqlite3-2.4.0/ports/aarch64-linux-gnu/sqlite3/3.47.1/include -Wdate-time -D_FORTIFY_SOURCE=2   -g -O2 -ffile-prefix-map=BUILDDIR=. -fstack-protector-strong -Wformat -Werror=format-security -fPIC  conftest.c  -L. -L/usr/lib/aarch64-linux-gnu -L. -Wl,-z,relro -Wl,-z,now -fstack-protector-strong -rdynamic -Wl,-export-dynamic -Wl,--no-as-needed  -L/var/www/portfolio/vendor/bundle/ruby/3.1.0/gems/sqlite3-2.4.0/ports/aarch64-linux-gnu/sqlite3/3.47.1/lib -lsqlite3 -lz     -lsqlite3 -lruby-3.1 -lm -lm  -lc"
checked program was:
/* begin */
1: #include "ruby.h"
2: 
3: int main(int argc, char **argv)
4: {
5:   return !!argv[argc];
6: }
/* end */

--------------------

block in append_cppflags: checking for whether -DUSING_PACKAGED_LIBRARIES is accepted as CPPFLAGS... -------------------- yes

LD_LIBRARY_PATH=.:/usr/lib/aarch64-linux-gnu "aarch64-linux-gnu-gcc -I/usr/include/aarch64-linux-gnu/ruby-3.1.0 -I/usr/include/ruby-3.1.0/ruby/backward -I/usr/include/ruby-3.1.0 -I. -I/var/www/portfolio/vendor/bundle/ruby/3.1.0/gems/sqlite3-2.4.0/ports/aarch64-linux-gnu/sqlite3/3.47.1/include -Wdate-time -D_FORTIFY_SOURCE=2   -g -O2 -ffile-prefix-map=BUILDDIR=. -fstack-protector-strong -Wformat -Werror=format-security -fPIC   -DUSING_PACKAGED_LIBRARIES -Werror -c conftest.c"
checked program was:
/* begin */
1: #include "ruby.h"
2: 
3: int main(int argc, char **argv)
4: {
5:   return !!argv[argc];
6: }
/* end */

--------------------

block in append_cflags: checking for whether -fvisibility=hidden is accepted as CFLAGS... -------------------- yes

LD_LIBRARY_PATH=.:/usr/lib/aarch64-linux-gnu "aarch64-linux-gnu-gcc -I/usr/include/aarch64-linux-gnu/ruby-3.1.0 -I/usr/include/ruby-3.1.0/ruby/backward -I/usr/include/ruby-3.1.0 -I. -I/var/www/portfolio/vendor/bundle/ruby/3.1.0/gems/sqlite3-2.4.0/ports/aarch64-linux-gnu/sqlite3/3.47.1/include -Wdate-time -D_FORTIFY_SOURCE=2   -DUSING_PACKAGED_LIBRARIES -g -O2 -ffile-prefix-map=BUILDDIR=. -fstack-protector-strong -Wformat -Werror=format-security -fPIC   -fvisibility=hidden -Werror -c conftest.c"
checked program was:
/* begin */
1: #include "ruby.h"
2: 
3: int main(int argc, char **argv)
4: {
5:   return !!argv[argc];
6: }
/* end */

--------------------

find_header: checking for sqlite3.h... -------------------- yes

LD_LIBRARY_PATH=.:/usr/lib/aarch64-linux-gnu "aarch64-linux-gnu-gcc -I/usr/include/aarch64-linux-gnu/ruby-3.1.0 -I/usr/include/ruby-3.1.0/ruby/backward -I/usr/include/ruby-3.1.0 -I. -I/var/www/portfolio/vendor/bundle/ruby/3.1.0/gems/sqlite3-2.4.0/ports/aarch64-linux-gnu/sqlite3/3.47.1/include -Wdate-time -D_FORTIFY_SOURCE=2   -DUSING_PACKAGED_LIBRARIES -g -O2 -ffile-prefix-map=BUILDDIR=. -fstack-protector-strong -Wformat -Werror=format-security -fPIC  -fvisibility=hidden   -c conftest.c"
checked program was:
/* begin */
1: #include "ruby.h"
2: 
3: #include <sqlite3.h>
/* end */

--------------------

find_library: checking for sqlite3_libversion_number() in -lsqlite3... -------------------- yes

LD_LIBRARY_PATH=.:/usr/lib/aarch64-linux-gnu "aarch64-linux-gnu-gcc -o conftest -I/usr/include/aarch64-linux-gnu/ruby-3.1.0 -I/usr/include/ruby-3.1.0/ruby/backward -I/usr/include/ruby-3.1.0 -I. -I/var/www/portfolio/vendor/bundle/ruby/3.1.0/gems/sqlite3-2.4.0/ports/aarch64-linux-gnu/sqlite3/3.47.1/include -Wdate-time -D_FORTIFY_SOURCE=2   -DUSING_PACKAGED_LIBRARIES -g -O2 -ffile-prefix-map=BUILDDIR=. -fstack-protector-strong -Wformat -Werror=format-security -fPIC  -fvisibility=hidden conftest.c  -L. -L/usr/lib/aarch64-linux-gnu -L. -Wl,-z,relro -Wl,-z,now -fstack-protector-strong -rdynamic -Wl,-export-dynamic -Wl,--no-as-needed  -L/var/www/portfolio/vendor/bundle/ruby/3.1.0/gems/sqlite3-2.4.0/ports/aarch64-linux-gnu/sqlite3/3.47.1/lib -lsqlite3 -lz -lm     -lsqlite3 -lruby-3.1 -lsqlite3  -lsqlite3 -lm  -lc"
conftest.c: In function ‘t’:
conftest.c:14:57: error: ‘sqlite3_libversion_number’ undeclared (first use in this function)
   14 | int t(void) { void ((*volatile p)()); p = (void ((*)()))sqlite3_libversion_number; return !p; }
      |                                                         ^~~~~~~~~~~~~~~~~~~~~~~~~
conftest.c:14:57: note: each undeclared identifier is reported only once for each function it appears in
checked program was:
/* begin */
 1: #include "ruby.h"
 2: 
 3: /*top*/
 4: extern int t(void);
 5: int main(int argc, char **argv)
 6: {
 7:   if (argc > 1000000) {
 8:     int (* volatile tp)(void)=(int (*)(void))&t;
 9:     printf("%d", (*tp)());
10:   }
11: 
12:   return !!argv[argc];
13: }
14: int t(void) { void ((*volatile p)()); p = (void ((*)()))sqlite3_libversion_number; return !p; }
/* end */

LD_LIBRARY_PATH=.:/usr/lib/aarch64-linux-gnu "aarch64-linux-gnu-gcc -o conftest -I/usr/include/aarch64-linux-gnu/ruby-3.1.0 -I/usr/include/ruby-3.1.0/ruby/backward -I/usr/include/ruby-3.1.0 -I. -I/var/www/portfolio/vendor/bundle/ruby/3.1.0/gems/sqlite3-2.4.0/ports/aarch64-linux-gnu/sqlite3/3.47.1/include -Wdate-time -D_FORTIFY_SOURCE=2   -DUSING_PACKAGED_LIBRARIES -g -O2 -ffile-prefix-map=BUILDDIR=. -fstack-protector-strong -Wformat -Werror=format-security -fPIC  -fvisibility=hidden conftest.c  -L. -L/usr/lib/aarch64-linux-gnu -L. -Wl,-z,relro -Wl,-z,now -fstack-protector-strong -rdynamic -Wl,-export-dynamic -Wl,--no-as-needed  -L/var/www/portfolio/vendor/bundle/ruby/3.1.0/gems/sqlite3-2.4.0/ports/aarch64-linux-gnu/sqlite3/3.47.1/lib -lsqlite3 -lz -lm     -lsqlite3 -lruby-3.1 -lsqlite3  -lsqlite3 -lm  -lc"
checked program was:
/* begin */
 1: #include "ruby.h"
 2: 
 3: /*top*/
 4: extern int t(void);
 5: int main(int argc, char **argv)
 6: {
 7:   if (argc > 1000000) {
 8:     int (* volatile tp)(void)=(int (*)(void))&t;
 9:     printf("%d", (*tp)());
10:   }
11: 
12:   return !!argv[argc];
13: }
14: extern void sqlite3_libversion_number();
15: int t(void) { sqlite3_libversion_number(); return 0; }
/* end */

--------------------

have_func: checking for rb_enc_interned_str_cstr()... -------------------- yes

LD_LIBRARY_PATH=.:/usr/lib/aarch64-linux-gnu "aarch64-linux-gnu-gcc -o conftest -I/usr/include/aarch64-linux-gnu/ruby-3.1.0 -I/usr/include/ruby-3.1.0/ruby/backward -I/usr/include/ruby-3.1.0 -I. -I/var/www/portfolio/vendor/bundle/ruby/3.1.0/gems/sqlite3-2.4.0/ports/aarch64-linux-gnu/sqlite3/3.47.1/include -Wdate-time -D_FORTIFY_SOURCE=2   -DUSING_PACKAGED_LIBRARIES -g -O2 -ffile-prefix-map=BUILDDIR=. -fstack-protector-strong -Wformat -Werror=format-security -fPIC  -fvisibility=hidden conftest.c  -L. -L/usr/lib/aarch64-linux-gnu -L. -Wl,-z,relro -Wl,-z,now -fstack-protector-strong -rdynamic -Wl,-export-dynamic -Wl,--no-as-needed  -L/var/www/portfolio/vendor/bundle/ruby/3.1.0/gems/sqlite3-2.4.0/ports/aarch64-linux-gnu/sqlite3/3.47.1/lib -lsqlite3 -lz -lm    -lsqlite3  -lsqlite3 -lruby-3.1 -lsqlite3  -lsqlite3 -lm  -lc"
conftest.c: In function ‘t’:
conftest.c:14:57: error: ‘rb_enc_interned_str_cstr’ undeclared (first use in this function); did you mean ‘rb_interned_str_cstr’?
   14 | int t(void) { void ((*volatile p)()); p = (void ((*)()))rb_enc_interned_str_cstr; return !p; }
      |                                                         ^~~~~~~~~~~~~~~~~~~~~~~~
      |                                                         rb_interned_str_cstr
conftest.c:14:57: note: each undeclared identifier is reported only once for each function it appears in
checked program was:
/* begin */
 1: #include "ruby.h"
 2: 
 3: /*top*/
 4: extern int t(void);
 5: int main(int argc, char **argv)
 6: {
 7:   if (argc > 1000000) {
 8:     int (* volatile tp)(void)=(int (*)(void))&t;
 9:     printf("%d", (*tp)());
10:   }
11: 
12:   return !!argv[argc];
13: }
14: int t(void) { void ((*volatile p)()); p = (void ((*)()))rb_enc_interned_str_cstr; return !p; }
/* end */

LD_LIBRARY_PATH=.:/usr/lib/aarch64-linux-gnu "aarch64-linux-gnu-gcc -o conftest -I/usr/include/aarch64-linux-gnu/ruby-3.1.0 -I/usr/include/ruby-3.1.0/ruby/backward -I/usr/include/ruby-3.1.0 -I. -I/var/www/portfolio/vendor/bundle/ruby/3.1.0/gems/sqlite3-2.4.0/ports/aarch64-linux-gnu/sqlite3/3.47.1/include -Wdate-time -D_FORTIFY_SOURCE=2   -DUSING_PACKAGED_LIBRARIES -g -O2 -ffile-prefix-map=BUILDDIR=. -fstack-protector-strong -Wformat -Werror=format-security -fPIC  -fvisibility=hidden conftest.c  -L. -L/usr/lib/aarch64-linux-gnu -L. -Wl,-z,relro -Wl,-z,now -fstack-protector-strong -rdynamic -Wl,-export-dynamic -Wl,--no-as-needed  -L/var/www/portfolio/vendor/bundle/ruby/3.1.0/gems/sqlite3-2.4.0/ports/aarch64-linux-gnu/sqlite3/3.47.1/lib -lsqlite3 -lz -lm    -lsqlite3  -lsqlite3 -lruby-3.1 -lsqlite3  -lsqlite3 -lm  -lc"
checked program was:
/* begin */
 1: #include "ruby.h"
 2: 
 3: /*top*/
 4: extern int t(void);
 5: int main(int argc, char **argv)
 6: {
 7:   if (argc > 1000000) {
 8:     int (* volatile tp)(void)=(int (*)(void))&t;
 9:     printf("%d", (*tp)());
10:   }
11: 
12:   return !!argv[argc];
13: }
14: extern void rb_enc_interned_str_cstr();
15: int t(void) { rb_enc_interned_str_cstr(); return 0; }
/* end */

--------------------

have_func: checking for rb_proc_arity()... -------------------- yes

LD_LIBRARY_PATH=.:/usr/lib/aarch64-linux-gnu "aarch64-linux-gnu-gcc -o conftest -I/usr/include/aarch64-linux-gnu/ruby-3.1.0 -I/usr/include/ruby-3.1.0/ruby/backward -I/usr/include/ruby-3.1.0 -I. -I/var/www/portfolio/vendor/bundle/ruby/3.1.0/gems/sqlite3-2.4.0/ports/aarch64-linux-gnu/sqlite3/3.47.1/include -Wdate-time -D_FORTIFY_SOURCE=2   -DUSING_PACKAGED_LIBRARIES -g -O2 -ffile-prefix-map=BUILDDIR=. -fstack-protector-strong -Wformat -Werror=format-security -fPIC  -fvisibility=hidden conftest.c  -L. -L/usr/lib/aarch64-linux-gnu -L. -Wl,-z,relro -Wl,-z,now -fstack-protector-strong -rdynamic -Wl,-export-dynamic -Wl,--no-as-needed  -L/var/www/portfolio/vendor/bundle/ruby/3.1.0/gems/sqlite3-2.4.0/ports/aarch64-linux-gnu/sqlite3/3.47.1/lib -lsqlite3 -lz -lm    -lsqlite3  -lsqlite3 -lruby-3.1 -lsqlite3  -lsqlite3 -lm  -lc"
checked program was:
/* begin */
 1: #include "ruby.h"
 2: 
 3: /*top*/
 4: extern int t(void);
 5: int main(int argc, char **argv)
 6: {
 7:   if (argc > 1000000) {
 8:     int (* volatile tp)(void)=(int (*)(void))&t;
 9:     printf("%d", (*tp)());
10:   }
11: 
12:   return !!argv[argc];
13: }
14: int t(void) { void ((*volatile p)()); p = (void ((*)()))rb_proc_arity; return !p; }
/* end */

--------------------

have_func: checking for rb_integer_pack()... -------------------- yes

LD_LIBRARY_PATH=.:/usr/lib/aarch64-linux-gnu "aarch64-linux-gnu-gcc -o conftest -I/usr/include/aarch64-linux-gnu/ruby-3.1.0 -I/usr/include/ruby-3.1.0/ruby/backward -I/usr/include/ruby-3.1.0 -I. -I/var/www/portfolio/vendor/bundle/ruby/3.1.0/gems/sqlite3-2.4.0/ports/aarch64-linux-gnu/sqlite3/3.47.1/include -Wdate-time -D_FORTIFY_SOURCE=2   -DUSING_PACKAGED_LIBRARIES -g -O2 -ffile-prefix-map=BUILDDIR=. -fstack-protector-strong -Wformat -Werror=format-security -fPIC  -fvisibility=hidden conftest.c  -L. -L/usr/lib/aarch64-linux-gnu -L. -Wl,-z,relro -Wl,-z,now -fstack-protector-strong -rdynamic -Wl,-export-dynamic -Wl,--no-as-needed  -L/var/www/portfolio/vendor/bundle/ruby/3.1.0/gems/sqlite3-2.4.0/ports/aarch64-linux-gnu/sqlite3/3.47.1/lib -lsqlite3 -lz -lm    -lsqlite3  -lsqlite3 -lruby-3.1 -lsqlite3  -lsqlite3 -lm  -lc"
checked program was:
/* begin */
 1: #include "ruby.h"
 2: 
 3: /*top*/
 4: extern int t(void);
 5: int main(int argc, char **argv)
 6: {
 7:   if (argc > 1000000) {
 8:     int (* volatile tp)(void)=(int (*)(void))&t;
 9:     printf("%d", (*tp)());
10:   }
11: 
12:   return !!argv[argc];
13: }
14: int t(void) { void ((*volatile p)()); p = (void ((*)()))rb_integer_pack; return !p; }
/* end */

--------------------

have_func: checking for sqlite3_initialize()... -------------------- yes

LD_LIBRARY_PATH=.:/usr/lib/aarch64-linux-gnu "aarch64-linux-gnu-gcc -o conftest -I/usr/include/aarch64-linux-gnu/ruby-3.1.0 -I/usr/include/ruby-3.1.0/ruby/backward -I/usr/include/ruby-3.1.0 -I. -I/var/www/portfolio/vendor/bundle/ruby/3.1.0/gems/sqlite3-2.4.0/ports/aarch64-linux-gnu/sqlite3/3.47.1/include -Wdate-time -D_FORTIFY_SOURCE=2   -DUSING_PACKAGED_LIBRARIES -g -O2 -ffile-prefix-map=BUILDDIR=. -fstack-protector-strong -Wformat -Werror=format-security -fPIC  -fvisibility=hidden conftest.c  -L. -L/usr/lib/aarch64-linux-gnu -L. -Wl,-z,relro -Wl,-z,now -fstack-protector-strong -rdynamic -Wl,-export-dynamic -Wl,--no-as-needed  -L/var/www/portfolio/vendor/bundle/ruby/3.1.0/gems/sqlite3-2.4.0/ports/aarch64-linux-gnu/sqlite3/3.47.1/lib -lsqlite3 -lz -lm    -lsqlite3  -lsqlite3 -lruby-3.1 -lsqlite3  -lsqlite3 -lm  -lc"
conftest.c: In function ‘t’:
conftest.c:14:57: error: ‘sqlite3_initialize’ undeclared (first use in this function)
   14 | int t(void) { void ((*volatile p)()); p = (void ((*)()))sqlite3_initialize; return !p; }
      |                                                         ^~~~~~~~~~~~~~~~~~
conftest.c:14:57: note: each undeclared identifier is reported only once for each function it appears in
checked program was:
/* begin */
 1: #include "ruby.h"
 2: 
 3: /*top*/
 4: extern int t(void);
 5: int main(int argc, char **argv)
 6: {
 7:   if (argc > 1000000) {
 8:     int (* volatile tp)(void)=(int (*)(void))&t;
 9:     printf("%d", (*tp)());
10:   }
11: 
12:   return !!argv[argc];
13: }
14: int t(void) { void ((*volatile p)()); p = (void ((*)()))sqlite3_initialize; return !p; }
/* end */

LD_LIBRARY_PATH=.:/usr/lib/aarch64-linux-gnu "aarch64-linux-gnu-gcc -o conftest -I/usr/include/aarch64-linux-gnu/ruby-3.1.0 -I/usr/include/ruby-3.1.0/ruby/backward -I/usr/include/ruby-3.1.0 -I. -I/var/www/portfolio/vendor/bundle/ruby/3.1.0/gems/sqlite3-2.4.0/ports/aarch64-linux-gnu/sqlite3/3.47.1/include -Wdate-time -D_FORTIFY_SOURCE=2   -DUSING_PACKAGED_LIBRARIES -g -O2 -ffile-prefix-map=BUILDDIR=. -fstack-protector-strong -Wformat -Werror=format-security -fPIC  -fvisibility=hidden conftest.c  -L. -L/usr/lib/aarch64-linux-gnu -L. -Wl,-z,relro -Wl,-z,now -fstack-protector-strong -rdynamic -Wl,-export-dynamic -Wl,--no-as-needed  -L/var/www/portfolio/vendor/bundle/ruby/3.1.0/gems/sqlite3-2.4.0/ports/aarch64-linux-gnu/sqlite3/3.47.1/lib -lsqlite3 -lz -lm    -lsqlite3  -lsqlite3 -lruby-3.1 -lsqlite3  -lsqlite3 -lm  -lc"
checked program was:
/* begin */
 1: #include "ruby.h"
 2: 
 3: /*top*/
 4: extern int t(void);
 5: int main(int argc, char **argv)
 6: {
 7:   if (argc > 1000000) {
 8:     int (* volatile tp)(void)=(int (*)(void))&t;
 9:     printf("%d", (*tp)());
10:   }
11: 
12:   return !!argv[argc];
13: }
14: extern void sqlite3_initialize();
15: int t(void) { sqlite3_initialize(); return 0; }
/* end */

--------------------

have_func: checking for sqlite3_backup_init()... -------------------- yes

LD_LIBRARY_PATH=.:/usr/lib/aarch64-linux-gnu "aarch64-linux-gnu-gcc -o conftest -I/usr/include/aarch64-linux-gnu/ruby-3.1.0 -I/usr/include/ruby-3.1.0/ruby/backward -I/usr/include/ruby-3.1.0 -I. -I/var/www/portfolio/vendor/bundle/ruby/3.1.0/gems/sqlite3-2.4.0/ports/aarch64-linux-gnu/sqlite3/3.47.1/include -Wdate-time -D_FORTIFY_SOURCE=2   -DUSING_PACKAGED_LIBRARIES -g -O2 -ffile-prefix-map=BUILDDIR=. -fstack-protector-strong -Wformat -Werror=format-security -fPIC  -fvisibility=hidden conftest.c  -L. -L/usr/lib/aarch64-linux-gnu -L. -Wl,-z,relro -Wl,-z,now -fstack-protector-strong -rdynamic -Wl,-export-dynamic -Wl,--no-as-needed  -L/var/www/portfolio/vendor/bundle/ruby/3.1.0/gems/sqlite3-2.4.0/ports/aarch64-linux-gnu/sqlite3/3.47.1/lib -lsqlite3 -lz -lm    -lsqlite3  -lsqlite3 -lruby-3.1 -lsqlite3  -lsqlite3 -lm  -lc"
conftest.c: In function ‘t’:
conftest.c:14:57: error: ‘sqlite3_backup_init’ undeclared (first use in this function)
   14 | int t(void) { void ((*volatile p)()); p = (void ((*)()))sqlite3_backup_init; return !p; }
      |                                                         ^~~~~~~~~~~~~~~~~~~
conftest.c:14:57: note: each undeclared identifier is reported only once for each function it appears in
checked program was:
/* begin */
 1: #include "ruby.h"
 2: 
 3: /*top*/
 4: extern int t(void);
 5: int main(int argc, char **argv)
 6: {
 7:   if (argc > 1000000) {
 8:     int (* volatile tp)(void)=(int (*)(void))&t;
 9:     printf("%d", (*tp)());
10:   }
11: 
12:   return !!argv[argc];
13: }
14: int t(void) { void ((*volatile p)()); p = (void ((*)()))sqlite3_backup_init; return !p; }
/* end */

LD_LIBRARY_PATH=.:/usr/lib/aarch64-linux-gnu "aarch64-linux-gnu-gcc -o conftest -I/usr/include/aarch64-linux-gnu/ruby-3.1.0 -I/usr/include/ruby-3.1.0/ruby/backward -I/usr/include/ruby-3.1.0 -I. -I/var/www/portfolio/vendor/bundle/ruby/3.1.0/gems/sqlite3-2.4.0/ports/aarch64-linux-gnu/sqlite3/3.47.1/include -Wdate-time -D_FORTIFY_SOURCE=2   -DUSING_PACKAGED_LIBRARIES -g -O2 -ffile-prefix-map=BUILDDIR=. -fstack-protector-strong -Wformat -Werror=format-security -fPIC  -fvisibility=hidden conftest.c  -L. -L/usr/lib/aarch64-linux-gnu -L. -Wl,-z,relro -Wl,-z,now -fstack-protector-strong -rdynamic -Wl,-export-dynamic -Wl,--no-as-needed  -L/var/www/portfolio/vendor/bundle/ruby/3.1.0/gems/sqlite3-2.4.0/ports/aarch64-linux-gnu/sqlite3/3.47.1/lib -lsqlite3 -lz -lm    -lsqlite3  -lsqlite3 -lruby-3.1 -lsqlite3  -lsqlite3 -lm  -lc"
checked program was:
/* begin */
 1: #include "ruby.h"
 2: 
 3: /*top*/
 4: extern int t(void);
 5: int main(int argc, char **argv)
 6: {
 7:   if (argc > 1000000) {
 8:     int (* volatile tp)(void)=(int (*)(void))&t;
 9:     printf("%d", (*tp)());
10:   }
11: 
12:   return !!argv[argc];
13: }
14: extern void sqlite3_backup_init();
15: int t(void) { sqlite3_backup_init(); return 0; }
/* end */

--------------------

have_func: checking for sqlite3_column_database_name()... -------------------- yes

LD_LIBRARY_PATH=.:/usr/lib/aarch64-linux-gnu "aarch64-linux-gnu-gcc -o conftest -I/usr/include/aarch64-linux-gnu/ruby-3.1.0 -I/usr/include/ruby-3.1.0/ruby/backward -I/usr/include/ruby-3.1.0 -I. -I/var/www/portfolio/vendor/bundle/ruby/3.1.0/gems/sqlite3-2.4.0/ports/aarch64-linux-gnu/sqlite3/3.47.1/include -Wdate-time -D_FORTIFY_SOURCE=2   -DUSING_PACKAGED_LIBRARIES -g -O2 -ffile-prefix-map=BUILDDIR=. -fstack-protector-strong -Wformat -Werror=format-security -fPIC  -fvisibility=hidden conftest.c  -L. -L/usr/lib/aarch64-linux-gnu -L. -Wl,-z,relro -Wl,-z,now -fstack-protector-strong -rdynamic -Wl,-export-dynamic -Wl,--no-as-needed  -L/var/www/portfolio/vendor/bundle/ruby/3.1.0/gems/sqlite3-2.4.0/ports/aarch64-linux-gnu/sqlite3/3.47.1/lib -lsqlite3 -lz -lm    -lsqlite3  -lsqlite3 -lruby-3.1 -lsqlite3  -lsqlite3 -lm  -lc"
conftest.c: In function ‘t’:
conftest.c:14:57: error: ‘sqlite3_column_database_name’ undeclared (first use in this function)
   14 | int t(void) { void ((*volatile p)()); p = (void ((*)()))sqlite3_column_database_name; return !p; }
      |                                                         ^~~~~~~~~~~~~~~~~~~~~~~~~~~~
conftest.c:14:57: note: each undeclared identifier is reported only once for each function it appears in
checked program was:
/* begin */
 1: #include "ruby.h"
 2: 
 3: /*top*/
 4: extern int t(void);
 5: int main(int argc, char **argv)
 6: {
 7:   if (argc > 1000000) {
 8:     int (* volatile tp)(void)=(int (*)(void))&t;
 9:     printf("%d", (*tp)());
10:   }
11: 
12:   return !!argv[argc];
13: }
14: int t(void) { void ((*volatile p)()); p = (void ((*)()))sqlite3_column_database_name; return !p; }
/* end */

LD_LIBRARY_PATH=.:/usr/lib/aarch64-linux-gnu "aarch64-linux-gnu-gcc -o conftest -I/usr/include/aarch64-linux-gnu/ruby-3.1.0 -I/usr/include/ruby-3.1.0/ruby/backward -I/usr/include/ruby-3.1.0 -I. -I/var/www/portfolio/vendor/bundle/ruby/3.1.0/gems/sqlite3-2.4.0/ports/aarch64-linux-gnu/sqlite3/3.47.1/include -Wdate-time -D_FORTIFY_SOURCE=2   -DUSING_PACKAGED_LIBRARIES -g -O2 -ffile-prefix-map=BUILDDIR=. -fstack-protector-strong -Wformat -Werror=format-security -fPIC  -fvisibility=hidden conftest.c  -L. -L/usr/lib/aarch64-linux-gnu -L. -Wl,-z,relro -Wl,-z,now -fstack-protector-strong -rdynamic -Wl,-export-dynamic -Wl,--no-as-needed  -L/var/www/portfolio/vendor/bundle/ruby/3.1.0/gems/sqlite3-2.4.0/ports/aarch64-linux-gnu/sqlite3/3.47.1/lib -lsqlite3 -lz -lm    -lsqlite3  -lsqlite3 -lruby-3.1 -lsqlite3  -lsqlite3 -lm  -lc"
checked program was:
/* begin */
 1: #include "ruby.h"
 2: 
 3: /*top*/
 4: extern int t(void);
 5: int main(int argc, char **argv)
 6: {
 7:   if (argc > 1000000) {
 8:     int (* volatile tp)(void)=(int (*)(void))&t;
 9:     printf("%d", (*tp)());
10:   }
11: 
12:   return !!argv[argc];
13: }
14: extern void sqlite3_column_database_name();
15: int t(void) { sqlite3_column_database_name(); return 0; }
/* end */

--------------------

have_func: checking for sqlite3_enable_load_extension()... -------------------- yes

LD_LIBRARY_PATH=.:/usr/lib/aarch64-linux-gnu "aarch64-linux-gnu-gcc -o conftest -I/usr/include/aarch64-linux-gnu/ruby-3.1.0 -I/usr/include/ruby-3.1.0/ruby/backward -I/usr/include/ruby-3.1.0 -I. -I/var/www/portfolio/vendor/bundle/ruby/3.1.0/gems/sqlite3-2.4.0/ports/aarch64-linux-gnu/sqlite3/3.47.1/include -Wdate-time -D_FORTIFY_SOURCE=2   -DUSING_PACKAGED_LIBRARIES -g -O2 -ffile-prefix-map=BUILDDIR=. -fstack-protector-strong -Wformat -Werror=format-security -fPIC  -fvisibility=hidden conftest.c  -L. -L/usr/lib/aarch64-linux-gnu -L. -Wl,-z,relro -Wl,-z,now -fstack-protector-strong -rdynamic -Wl,-export-dynamic -Wl,--no-as-needed  -L/var/www/portfolio/vendor/bundle/ruby/3.1.0/gems/sqlite3-2.4.0/ports/aarch64-linux-gnu/sqlite3/3.47.1/lib -lsqlite3 -lz -lm    -lsqlite3  -lsqlite3 -lruby-3.1 -lsqlite3  -lsqlite3 -lm  -lc"
conftest.c: In function ‘t’:
conftest.c:14:57: error: ‘sqlite3_enable_load_extension’ undeclared (first use in this function)
   14 | int t(void) { void ((*volatile p)()); p = (void ((*)()))sqlite3_enable_load_extension; return !p; }
      |                                                         ^~~~~~~~~~~~~~~~~~~~~~~~~~~~~
conftest.c:14:57: note: each undeclared identifier is reported only once for each function it appears in
checked program was:
/* begin */
 1: #include "ruby.h"
 2: 
 3: /*top*/
 4: extern int t(void);
 5: int main(int argc, char **argv)
 6: {
 7:   if (argc > 1000000) {
 8:     int (* volatile tp)(void)=(int (*)(void))&t;
 9:     printf("%d", (*tp)());
10:   }
11: 
12:   return !!argv[argc];
13: }
14: int t(void) { void ((*volatile p)()); p = (void ((*)()))sqlite3_enable_load_extension; return !p; }
/* end */

LD_LIBRARY_PATH=.:/usr/lib/aarch64-linux-gnu "aarch64-linux-gnu-gcc -o conftest -I/usr/include/aarch64-linux-gnu/ruby-3.1.0 -I/usr/include/ruby-3.1.0/ruby/backward -I/usr/include/ruby-3.1.0 -I. -I/var/www/portfolio/vendor/bundle/ruby/3.1.0/gems/sqlite3-2.4.0/ports/aarch64-linux-gnu/sqlite3/3.47.1/include -Wdate-time -D_FORTIFY_SOURCE=2   -DUSING_PACKAGED_LIBRARIES -g -O2 -ffile-prefix-map=BUILDDIR=. -fstack-protector-strong -Wformat -Werror=format-security -fPIC  -fvisibility=hidden conftest.c  -L. -L/usr/lib/aarch64-linux-gnu -L. -Wl,-z,relro -Wl,-z,now -fstack-protector-strong -rdynamic -Wl,-export-dynamic -Wl,--no-as-needed  -L/var/www/portfolio/vendor/bundle/ruby/3.1.0/gems/sqlite3-2.4.0/ports/aarch64-linux-gnu/sqlite3/3.47.1/lib -lsqlite3 -lz -lm    -lsqlite3  -lsqlite3 -lruby-3.1 -lsqlite3  -lsqlite3 -lm  -lc"
checked program was:
/* begin */
 1: #include "ruby.h"
 2: 
 3: /*top*/
 4: extern int t(void);
 5: int main(int argc, char **argv)
 6: {
 7:   if (argc > 1000000) {
 8:     int (* volatile tp)(void)=(int (*)(void))&t;
 9:     printf("%d", (*tp)());
10:   }
11: 
12:   return !!argv[argc];
13: }
14: extern void sqlite3_enable_load_extension();
15: int t(void) { sqlite3_enable_load_extension(); return 0; }
/* end */

--------------------

have_func: checking for sqlite3_load_extension()... -------------------- yes

LD_LIBRARY_PATH=.:/usr/lib/aarch64-linux-gnu "aarch64-linux-gnu-gcc -o conftest -I/usr/include/aarch64-linux-gnu/ruby-3.1.0 -I/usr/include/ruby-3.1.0/ruby/backward -I/usr/include/ruby-3.1.0 -I. -I/var/www/portfolio/vendor/bundle/ruby/3.1.0/gems/sqlite3-2.4.0/ports/aarch64-linux-gnu/sqlite3/3.47.1/include -Wdate-time -D_FORTIFY_SOURCE=2   -DUSING_PACKAGED_LIBRARIES -g -O2 -ffile-prefix-map=BUILDDIR=. -fstack-protector-strong -Wformat -Werror=format-security -fPIC  -fvisibility=hidden conftest.c  -L. -L/usr/lib/aarch64-linux-gnu -L. -Wl,-z,relro -Wl,-z,now -fstack-protector-strong -rdynamic -Wl,-export-dynamic -Wl,--no-as-needed  -L/var/www/portfolio/vendor/bundle/ruby/3.1.0/gems/sqlite3-2.4.0/ports/aarch64-linux-gnu/sqlite3/3.47.1/lib -lsqlite3 -lz -lm    -lsqlite3  -lsqlite3 -lruby-3.1 -lsqlite3  -lsqlite3 -lm  -lc"
conftest.c: In function ‘t’:
conftest.c:14:57: error: ‘sqlite3_load_extension’ undeclared (first use in this function)
   14 | int t(void) { void ((*volatile p)()); p = (void ((*)()))sqlite3_load_extension; return !p; }
      |                                                         ^~~~~~~~~~~~~~~~~~~~~~
conftest.c:14:57: note: each undeclared identifier is reported only once for each function it appears in
checked program was:
/* begin */
 1: #include "ruby.h"
 2: 
 3: /*top*/
 4: extern int t(void);
 5: int main(int argc, char **argv)
 6: {
 7:   if (argc > 1000000) {
 8:     int (* volatile tp)(void)=(int (*)(void))&t;
 9:     printf("%d", (*tp)());
10:   }
11: 
12:   return !!argv[argc];
13: }
14: int t(void) { void ((*volatile p)()); p = (void ((*)()))sqlite3_load_extension; return !p; }
/* end */

LD_LIBRARY_PATH=.:/usr/lib/aarch64-linux-gnu "aarch64-linux-gnu-gcc -o conftest -I/usr/include/aarch64-linux-gnu/ruby-3.1.0 -I/usr/include/ruby-3.1.0/ruby/backward -I/usr/include/ruby-3.1.0 -I. -I/var/www/portfolio/vendor/bundle/ruby/3.1.0/gems/sqlite3-2.4.0/ports/aarch64-linux-gnu/sqlite3/3.47.1/include -Wdate-time -D_FORTIFY_SOURCE=2   -DUSING_PACKAGED_LIBRARIES -g -O2 -ffile-prefix-map=BUILDDIR=. -fstack-protector-strong -Wformat -Werror=format-security -fPIC  -fvisibility=hidden conftest.c  -L. -L/usr/lib/aarch64-linux-gnu -L. -Wl,-z,relro -Wl,-z,now -fstack-protector-strong -rdynamic -Wl,-export-dynamic -Wl,--no-as-needed  -L/var/www/portfolio/vendor/bundle/ruby/3.1.0/gems/sqlite3-2.4.0/ports/aarch64-linux-gnu/sqlite3/3.47.1/lib -lsqlite3 -lz -lm    -lsqlite3  -lsqlite3 -lruby-3.1 -lsqlite3  -lsqlite3 -lm  -lc"
checked program was:
/* begin */
 1: #include "ruby.h"
 2: 
 3: /*top*/
 4: extern int t(void);
 5: int main(int argc, char **argv)
 6: {
 7:   if (argc > 1000000) {
 8:     int (* volatile tp)(void)=(int (*)(void))&t;
 9:     printf("%d", (*tp)());
10:   }
11: 
12:   return !!argv[argc];
13: }
14: extern void sqlite3_load_extension();
15: int t(void) { sqlite3_load_extension(); return 0; }
/* end */

--------------------

have_func: checking for sqlite3_open_v2()... -------------------- yes

LD_LIBRARY_PATH=.:/usr/lib/aarch64-linux-gnu "aarch64-linux-gnu-gcc -o conftest -I/usr/include/aarch64-linux-gnu/ruby-3.1.0 -I/usr/include/ruby-3.1.0/ruby/backward -I/usr/include/ruby-3.1.0 -I. -I/var/www/portfolio/vendor/bundle/ruby/3.1.0/gems/sqlite3-2.4.0/ports/aarch64-linux-gnu/sqlite3/3.47.1/include -Wdate-time -D_FORTIFY_SOURCE=2   -DUSING_PACKAGED_LIBRARIES -g -O2 -ffile-prefix-map=BUILDDIR=. -fstack-protector-strong -Wformat -Werror=format-security -fPIC  -fvisibility=hidden conftest.c  -L. -L/usr/lib/aarch64-linux-gnu -L. -Wl,-z,relro -Wl,-z,now -fstack-protector-strong -rdynamic -Wl,-export-dynamic -Wl,--no-as-needed  -L/var/www/portfolio/vendor/bundle/ruby/3.1.0/gems/sqlite3-2.4.0/ports/aarch64-linux-gnu/sqlite3/3.47.1/lib -lsqlite3 -lz -lm    -lsqlite3  -lsqlite3 -lruby-3.1 -lsqlite3  -lsqlite3 -lm  -lc"
conftest.c: In function ‘t’:
conftest.c:14:57: error: ‘sqlite3_open_v2’ undeclared (first use in this function)
   14 | int t(void) { void ((*volatile p)()); p = (void ((*)()))sqlite3_open_v2; return !p; }
      |                                                         ^~~~~~~~~~~~~~~
conftest.c:14:57: note: each undeclared identifier is reported only once for each function it appears in
checked program was:
/* begin */
 1: #include "ruby.h"
 2: 
 3: /*top*/
 4: extern int t(void);
 5: int main(int argc, char **argv)
 6: {
 7:   if (argc > 1000000) {
 8:     int (* volatile tp)(void)=(int (*)(void))&t;
 9:     printf("%d", (*tp)());
10:   }
11: 
12:   return !!argv[argc];
13: }
14: int t(void) { void ((*volatile p)()); p = (void ((*)()))sqlite3_open_v2; return !p; }
/* end */

LD_LIBRARY_PATH=.:/usr/lib/aarch64-linux-gnu "aarch64-linux-gnu-gcc -o conftest -I/usr/include/aarch64-linux-gnu/ruby-3.1.0 -I/usr/include/ruby-3.1.0/ruby/backward -I/usr/include/ruby-3.1.0 -I. -I/var/www/portfolio/vendor/bundle/ruby/3.1.0/gems/sqlite3-2.4.0/ports/aarch64-linux-gnu/sqlite3/3.47.1/include -Wdate-time -D_FORTIFY_SOURCE=2   -DUSING_PACKAGED_LIBRARIES -g -O2 -ffile-prefix-map=BUILDDIR=. -fstack-protector-strong -Wformat -Werror=format-security -fPIC  -fvisibility=hidden conftest.c  -L. -L/usr/lib/aarch64-linux-gnu -L. -Wl,-z,relro -Wl,-z,now -fstack-protector-strong -rdynamic -Wl,-export-dynamic -Wl,--no-as-needed  -L/var/www/portfolio/vendor/bundle/ruby/3.1.0/gems/sqlite3-2.4.0/ports/aarch64-linux-gnu/sqlite3/3.47.1/lib -lsqlite3 -lz -lm    -lsqlite3  -lsqlite3 -lruby-3.1 -lsqlite3  -lsqlite3 -lm  -lc"
checked program was:
/* begin */
 1: #include "ruby.h"
 2: 
 3: /*top*/
 4: extern int t(void);
 5: int main(int argc, char **argv)
 6: {
 7:   if (argc > 1000000) {
 8:     int (* volatile tp)(void)=(int (*)(void))&t;
 9:     printf("%d", (*tp)());
10:   }
11: 
12:   return !!argv[argc];
13: }
14: extern void sqlite3_open_v2();
15: int t(void) { sqlite3_open_v2(); return 0; }
/* end */

--------------------

have_func: checking for sqlite3_prepare_v2()... -------------------- yes

LD_LIBRARY_PATH=.:/usr/lib/aarch64-linux-gnu "aarch64-linux-gnu-gcc -o conftest -I/usr/include/aarch64-linux-gnu/ruby-3.1.0 -I/usr/include/ruby-3.1.0/ruby/backward -I/usr/include/ruby-3.1.0 -I. -I/var/www/portfolio/vendor/bundle/ruby/3.1.0/gems/sqlite3-2.4.0/ports/aarch64-linux-gnu/sqlite3/3.47.1/include -Wdate-time -D_FORTIFY_SOURCE=2   -DUSING_PACKAGED_LIBRARIES -g -O2 -ffile-prefix-map=BUILDDIR=. -fstack-protector-strong -Wformat -Werror=format-security -fPIC  -fvisibility=hidden conftest.c  -L. -L/usr/lib/aarch64-linux-gnu -L. -Wl,-z,relro -Wl,-z,now -fstack-protector-strong -rdynamic -Wl,-export-dynamic -Wl,--no-as-needed  -L/var/www/portfolio/vendor/bundle/ruby/3.1.0/gems/sqlite3-2.4.0/ports/aarch64-linux-gnu/sqlite3/3.47.1/lib -lsqlite3 -lz -lm    -lsqlite3  -lsqlite3 -lruby-3.1 -lsqlite3  -lsqlite3 -lm  -lc"
conftest.c: In function ‘t’:
conftest.c:14:57: error: ‘sqlite3_prepare_v2’ undeclared (first use in this function)
   14 | int t(void) { void ((*volatile p)()); p = (void ((*)()))sqlite3_prepare_v2; return !p; }
      |                                                         ^~~~~~~~~~~~~~~~~~
conftest.c:14:57: note: each undeclared identifier is reported only once for each function it appears in
checked program was:
/* begin */
 1: #include "ruby.h"
 2: 
 3: /*top*/
 4: extern int t(void);
 5: int main(int argc, char **argv)
 6: {
 7:   if (argc > 1000000) {
 8:     int (* volatile tp)(void)=(int (*)(void))&t;
 9:     printf("%d", (*tp)());
10:   }
11: 
12:   return !!argv[argc];
13: }
14: int t(void) { void ((*volatile p)()); p = (void ((*)()))sqlite3_prepare_v2; return !p; }
/* end */

LD_LIBRARY_PATH=.:/usr/lib/aarch64-linux-gnu "aarch64-linux-gnu-gcc -o conftest -I/usr/include/aarch64-linux-gnu/ruby-3.1.0 -I/usr/include/ruby-3.1.0/ruby/backward -I/usr/include/ruby-3.1.0 -I. -I/var/www/portfolio/vendor/bundle/ruby/3.1.0/gems/sqlite3-2.4.0/ports/aarch64-linux-gnu/sqlite3/3.47.1/include -Wdate-time -D_FORTIFY_SOURCE=2   -DUSING_PACKAGED_LIBRARIES -g -O2 -ffile-prefix-map=BUILDDIR=. -fstack-protector-strong -Wformat -Werror=format-security -fPIC  -fvisibility=hidden conftest.c  -L. -L/usr/lib/aarch64-linux-gnu -L. -Wl,-z,relro -Wl,-z,now -fstack-protector-strong -rdynamic -Wl,-export-dynamic -Wl,--no-as-needed  -L/var/www/portfolio/vendor/bundle/ruby/3.1.0/gems/sqlite3-2.4.0/ports/aarch64-linux-gnu/sqlite3/3.47.1/lib -lsqlite3 -lz -lm    -lsqlite3  -lsqlite3 -lruby-3.1 -lsqlite3  -lsqlite3 -lm  -lc"
checked program was:
/* begin */
 1: #include "ruby.h"
 2: 
 3: /*top*/
 4: extern int t(void);
 5: int main(int argc, char **argv)
 6: {
 7:   if (argc > 1000000) {
 8:     int (* volatile tp)(void)=(int (*)(void))&t;
 9:     printf("%d", (*tp)());
10:   }
11: 
12:   return !!argv[argc];
13: }
14: extern void sqlite3_prepare_v2();
15: int t(void) { sqlite3_prepare_v2(); return 0; }
/* end */

--------------------

have_func: checking for sqlite3_db_name() in sqlite3.h... -------------------- yes

LD_LIBRARY_PATH=.:/usr/lib/aarch64-linux-gnu "aarch64-linux-gnu-gcc -o conftest -I/usr/include/aarch64-linux-gnu/ruby-3.1.0 -I/usr/include/ruby-3.1.0/ruby/backward -I/usr/include/ruby-3.1.0 -I. -I/var/www/portfolio/vendor/bundle/ruby/3.1.0/gems/sqlite3-2.4.0/ports/aarch64-linux-gnu/sqlite3/3.47.1/include -Wdate-time -D_FORTIFY_SOURCE=2   -DUSING_PACKAGED_LIBRARIES -g -O2 -ffile-prefix-map=BUILDDIR=. -fstack-protector-strong -Wformat -Werror=format-security -fPIC  -fvisibility=hidden conftest.c  -L. -L/usr/lib/aarch64-linux-gnu -L. -Wl,-z,relro -Wl,-z,now -fstack-protector-strong -rdynamic -Wl,-export-dynamic -Wl,--no-as-needed  -L/var/www/portfolio/vendor/bundle/ruby/3.1.0/gems/sqlite3-2.4.0/ports/aarch64-linux-gnu/sqlite3/3.47.1/lib -lsqlite3 -lz -lm    -lsqlite3  -lsqlite3 -lruby-3.1 -lsqlite3  -lsqlite3 -lm  -lc"
checked program was:
/* begin */
 1: #include "ruby.h"
 2: 
 3: #include <sqlite3.h>
 4: 
 5: /*top*/
 6: extern int t(void);
 7: int main(int argc, char **argv)
 8: {
 9:   if (argc > 1000000) {
10:     int (* volatile tp)(void)=(int (*)(void))&t;
11:     printf("%d", (*tp)());
12:   }
13: 
14:   return !!argv[argc];
15: }
16: int t(void) { void ((*volatile p)()); p = (void ((*)()))sqlite3_db_name; return !p; }
/* end */

--------------------

have_func: checking for sqlite3_error_offset() in sqlite3.h... -------------------- yes

LD_LIBRARY_PATH=.:/usr/lib/aarch64-linux-gnu "aarch64-linux-gnu-gcc -o conftest -I/usr/include/aarch64-linux-gnu/ruby-3.1.0 -I/usr/include/ruby-3.1.0/ruby/backward -I/usr/include/ruby-3.1.0 -I. -I/var/www/portfolio/vendor/bundle/ruby/3.1.0/gems/sqlite3-2.4.0/ports/aarch64-linux-gnu/sqlite3/3.47.1/include -Wdate-time -D_FORTIFY_SOURCE=2   -DUSING_PACKAGED_LIBRARIES -g -O2 -ffile-prefix-map=BUILDDIR=. -fstack-protector-strong -Wformat -Werror=format-security -fPIC  -fvisibility=hidden conftest.c  -L. -L/usr/lib/aarch64-linux-gnu -L. -Wl,-z,relro -Wl,-z,now -fstack-protector-strong -rdynamic -Wl,-export-dynamic -Wl,--no-as-needed  -L/var/www/portfolio/vendor/bundle/ruby/3.1.0/gems/sqlite3-2.4.0/ports/aarch64-linux-gnu/sqlite3/3.47.1/lib -lsqlite3 -lz -lm    -lsqlite3  -lsqlite3 -lruby-3.1 -lsqlite3  -lsqlite3 -lm  -lc"
checked program was:
/* begin */
 1: #include "ruby.h"
 2: 
 3: #include <sqlite3.h>
 4: 
 5: /*top*/
 6: extern int t(void);
 7: int main(int argc, char **argv)
 8: {
 9:   if (argc > 1000000) {
10:     int (* volatile tp)(void)=(int (*)(void))&t;
11:     printf("%d", (*tp)());
12:   }
13: 
14:   return !!argv[argc];
15: }
16: int t(void) { void ((*volatile p)()); p = (void ((*)()))sqlite3_error_offset; return !p; }
/* end */

--------------------

have_type: checking for sqlite3_int64 in sqlite3.h... -------------------- yes

LD_LIBRARY_PATH=.:/usr/lib/aarch64-linux-gnu "aarch64-linux-gnu-gcc -I/usr/include/aarch64-linux-gnu/ruby-3.1.0 -I/usr/include/ruby-3.1.0/ruby/backward -I/usr/include/ruby-3.1.0 -I. -I/var/www/portfolio/vendor/bundle/ruby/3.1.0/gems/sqlite3-2.4.0/ports/aarch64-linux-gnu/sqlite3/3.47.1/include -Wdate-time -D_FORTIFY_SOURCE=2   -DUSING_PACKAGED_LIBRARIES -g -O2 -ffile-prefix-map=BUILDDIR=. -fstack-protector-strong -Wformat -Werror=format-security -fPIC  -fvisibility=hidden   -c conftest.c"
checked program was:
/* begin */
1: #include "ruby.h"
2: 
3: #include <sqlite3.h>
4: 
5: /*top*/
6: typedef sqlite3_int64 conftest_type;
7: int conftestval[sizeof(conftest_type)?1:-1];
/* end */

--------------------

have_type: checking for sqlite3_uint64 in sqlite3.h... -------------------- yes

LD_LIBRARY_PATH=.:/usr/lib/aarch64-linux-gnu "aarch64-linux-gnu-gcc -I/usr/include/aarch64-linux-gnu/ruby-3.1.0 -I/usr/include/ruby-3.1.0/ruby/backward -I/usr/include/ruby-3.1.0 -I. -I/var/www/portfolio/vendor/bundle/ruby/3.1.0/gems/sqlite3-2.4.0/ports/aarch64-linux-gnu/sqlite3/3.47.1/include -Wdate-time -D_FORTIFY_SOURCE=2   -DUSING_PACKAGED_LIBRARIES -g -O2 -ffile-prefix-map=BUILDDIR=. -fstack-protector-strong -Wformat -Werror=format-security -fPIC  -fvisibility=hidden   -c conftest.c"
checked program was:
/* begin */
1: #include "ruby.h"
2: 
3: #include <sqlite3.h>
4: 
5: /*top*/
6: typedef sqlite3_uint64 conftest_type;
7: int conftestval[sizeof(conftest_type)?1:-1];
/* end */

--------------------

